/home/bb/cs7641/proj3/venv/lib/python3.6/site-packages/sklearn/externals/joblib/externals/cloudpickle/cloudpickle.py:47: DeprecationWarning: the imp module is deprecated in favour of importlib; see the module's documentation for alternative uses
  import imp
Carry on... ds4 : X_train cols (13) == X_test cols (13)
/home/bb/cs7641/proj3/venv/lib/python3.6/site-packages/sklearn/utils/deprecation.py:58: DeprecationWarning: Class Imputer is deprecated; Imputer was deprecated in version 0.20 and will be removed in 0.22. Import impute.SimpleImputer from sklearn instead.
  warnings.warn(msg, category=DeprecationWarning)
/home/bb/cs7641/proj3/venv/lib/python3.6/site-packages/sklearn/utils/deprecation.py:58: DeprecationWarning: Class Imputer is deprecated; Imputer was deprecated in version 0.20 and will be removed in 0.22. Import impute.SimpleImputer from sklearn instead.
  warnings.warn(msg, category=DeprecationWarning)
Carry on... ds4 : X_train_prepared cols (64) == X_test_prepared cols (64)
** -> gmm k=2 cov_type=spherical elapsed seconds 4.792213439941406e-05 <- took less than 1 second
** -> sil gmm k=2 cov_type=spherical elapsed seconds 75.74713468551636 <- took 1.0 minute, 15.0 seconds
Dataset=ds4 k=2 cov_type=spherical sil=0.2813163392072742
** -> gmm k=2 cov_type=diag elapsed seconds 2.6941299438476562e-05 <- took less than 1 second
** -> sil gmm k=2 cov_type=diag elapsed seconds 69.38015127182007 <- took 1.0 minute, 9.0 seconds
Dataset=ds4 k=2 cov_type=diag sil=0.04352412550287325
** -> gmm k=2 cov_type=tied elapsed seconds 3.838539123535156e-05 <- took less than 1 second
** -> sil gmm k=2 cov_type=tied elapsed seconds 69.37036991119385 <- took 1.0 minute, 9.0 seconds
Dataset=ds4 k=2 cov_type=tied sil=0.08983457946565226
** -> gmm k=2 cov_type=full elapsed seconds 2.6464462280273438e-05 <- took less than 1 second
** -> sil gmm k=2 cov_type=full elapsed seconds 76.24194884300232 <- took 1.0 minute, 16.0 seconds
Dataset=ds4 k=2 cov_type=full sil=0.05114695498703633
** -> gmm k=3 cov_type=spherical elapsed seconds 2.8371810913085938e-05 <- took less than 1 second
** -> sil gmm k=3 cov_type=spherical elapsed seconds 68.73313856124878 <- took 1.0 minute, 8.0 seconds
Dataset=ds4 k=3 cov_type=spherical sil=0.09161927012643256
** -> gmm k=3 cov_type=diag elapsed seconds 3.8623809814453125e-05 <- took less than 1 second
** -> sil gmm k=3 cov_type=diag elapsed seconds 71.31229424476624 <- took 1.0 minute, 11.0 seconds
Dataset=ds4 k=3 cov_type=diag sil=0.019760905650977725
** -> gmm k=3 cov_type=tied elapsed seconds 3.3855438232421875e-05 <- took less than 1 second
** -> sil gmm k=3 cov_type=tied elapsed seconds 58.27346658706665 <- took 58.0 seconds
Dataset=ds4 k=3 cov_type=tied sil=0.09125185128867719
** -> gmm k=3 cov_type=full elapsed seconds 2.2172927856445312e-05 <- took less than 1 second
** -> sil gmm k=3 cov_type=full elapsed seconds 56.01485872268677 <- took 56.0 seconds
Dataset=ds4 k=3 cov_type=full sil=0.014857501612529394
** -> gmm k=4 cov_type=spherical elapsed seconds 3.814697265625e-05 <- took less than 1 second
** -> sil gmm k=4 cov_type=spherical elapsed seconds 50.634746074676514 <- took 50.0 seconds
Dataset=ds4 k=4 cov_type=spherical sil=0.09540809292583838
** -> gmm k=4 cov_type=diag elapsed seconds 1.8835067749023438e-05 <- took less than 1 second
** -> sil gmm k=4 cov_type=diag elapsed seconds 60.495580196380615 <- took 1.0 minute
Dataset=ds4 k=4 cov_type=diag sil=0.03683062719622591
** -> gmm k=4 cov_type=tied elapsed seconds 2.6226043701171875e-05 <- took less than 1 second
** -> sil gmm k=4 cov_type=tied elapsed seconds 50.596094369888306 <- took 50.0 seconds
Dataset=ds4 k=4 cov_type=tied sil=0.07256905349104815
** -> gmm k=4 cov_type=full elapsed seconds 2.6941299438476562e-05 <- took less than 1 second
** -> sil gmm k=4 cov_type=full elapsed seconds 61.83501076698303 <- took 1.0 minute, 1.0 second
Dataset=ds4 k=4 cov_type=full sil=0.032375263242371846
** -> gmm k=5 cov_type=spherical elapsed seconds 3.695487976074219e-05 <- took less than 1 second
** -> sil gmm k=5 cov_type=spherical elapsed seconds 53.25217652320862 <- took 53.0 seconds
Dataset=ds4 k=5 cov_type=spherical sil=0.09783956684809289
** -> gmm k=5 cov_type=diag elapsed seconds 3.409385681152344e-05 <- took less than 1 second
** -> sil gmm k=5 cov_type=diag elapsed seconds 58.13181447982788 <- took 58.0 seconds
Dataset=ds4 k=5 cov_type=diag sil=0.07359870828789881
** -> gmm k=5 cov_type=tied elapsed seconds 2.5510787963867188e-05 <- took less than 1 second
** -> sil gmm k=5 cov_type=tied elapsed seconds 54.4023163318634 <- took 54.0 seconds
Dataset=ds4 k=5 cov_type=tied sil=0.10546742101582222
** -> gmm k=5 cov_type=full elapsed seconds 2.7418136596679688e-05 <- took less than 1 second
** -> sil gmm k=5 cov_type=full elapsed seconds 50.54796361923218 <- took 50.0 seconds
Dataset=ds4 k=5 cov_type=full sil=0.0769529753637976
** -> gmm k=6 cov_type=spherical elapsed seconds 1.9788742065429688e-05 <- took less than 1 second
** -> sil gmm k=6 cov_type=spherical elapsed seconds 53.90351891517639 <- took 53.0 seconds
Dataset=ds4 k=6 cov_type=spherical sil=0.0810955969345839
** -> gmm k=6 cov_type=diag elapsed seconds 2.2649765014648438e-05 <- took less than 1 second
** -> sil gmm k=6 cov_type=diag elapsed seconds 56.86537194252014 <- took 56.0 seconds
Dataset=ds4 k=6 cov_type=diag sil=0.08076210859447237
** -> gmm k=6 cov_type=tied elapsed seconds 1.8835067749023438e-05 <- took less than 1 second
** -> sil gmm k=6 cov_type=tied elapsed seconds 48.768786907196045 <- took 48.0 seconds
Dataset=ds4 k=6 cov_type=tied sil=0.11659429327537091
** -> gmm k=6 cov_type=full elapsed seconds 1.6927719116210938e-05 <- took less than 1 second
** -> sil gmm k=6 cov_type=full elapsed seconds 57.82577037811279 <- took 57.0 seconds
Dataset=ds4 k=6 cov_type=full sil=0.08875164954416337
** -> gmm k=7 cov_type=spherical elapsed seconds 1.8596649169921875e-05 <- took less than 1 second
** -> sil gmm k=7 cov_type=spherical elapsed seconds 49.10969018936157 <- took 49.0 seconds
Dataset=ds4 k=7 cov_type=spherical sil=0.08934018762899343
** -> gmm k=7 cov_type=diag elapsed seconds 1.7642974853515625e-05 <- took less than 1 second
** -> sil gmm k=7 cov_type=diag elapsed seconds 61.889896631240845 <- took 1.0 minute, 1.0 second
Dataset=ds4 k=7 cov_type=diag sil=0.08130167747450151
** -> gmm k=7 cov_type=tied elapsed seconds 3.2901763916015625e-05 <- took less than 1 second
** -> sil gmm k=7 cov_type=tied elapsed seconds 53.435197591781616 <- took 53.0 seconds
Dataset=ds4 k=7 cov_type=tied sil=0.10985707890011696
** -> gmm k=7 cov_type=full elapsed seconds 1.6450881958007812e-05 <- took less than 1 second
** -> sil gmm k=7 cov_type=full elapsed seconds 57.49280619621277 <- took 57.0 seconds
Dataset=ds4 k=7 cov_type=full sil=0.0874732031519697
** -> gmm k=8 cov_type=spherical elapsed seconds 3.1948089599609375e-05 <- took less than 1 second
** -> sil gmm k=8 cov_type=spherical elapsed seconds 51.086652755737305 <- took 51.0 seconds
Dataset=ds4 k=8 cov_type=spherical sil=0.09399281414194076
** -> gmm k=8 cov_type=diag elapsed seconds 2.6702880859375e-05 <- took less than 1 second
** -> sil gmm k=8 cov_type=diag elapsed seconds 51.30624079704285 <- took 51.0 seconds
Dataset=ds4 k=8 cov_type=diag sil=0.06423900379867752
** -> gmm k=8 cov_type=tied elapsed seconds 1.811981201171875e-05 <- took less than 1 second
** -> sil gmm k=8 cov_type=tied elapsed seconds 60.02450633049011 <- took 1.0 minute
Dataset=ds4 k=8 cov_type=tied sil=0.1093901771778471
** -> gmm k=8 cov_type=full elapsed seconds 2.2649765014648438e-05 <- took less than 1 second
** -> sil gmm k=8 cov_type=full elapsed seconds 47.90546488761902 <- took 47.0 seconds
Dataset=ds4 k=8 cov_type=full sil=0.0707716440995004
** -> gmm k=9 cov_type=spherical elapsed seconds 2.09808349609375e-05 <- took less than 1 second
** -> sil gmm k=9 cov_type=spherical elapsed seconds 62.458789348602295 <- took 1.0 minute, 2.0 seconds
Dataset=ds4 k=9 cov_type=spherical sil=0.09101001262117624
** -> gmm k=9 cov_type=diag elapsed seconds 2.5033950805664062e-05 <- took less than 1 second
** -> sil gmm k=9 cov_type=diag elapsed seconds 54.467620849609375 <- took 54.0 seconds
Dataset=ds4 k=9 cov_type=diag sil=0.07920525792055938
** -> gmm k=9 cov_type=tied elapsed seconds 2.3365020751953125e-05 <- took less than 1 second
** -> sil gmm k=9 cov_type=tied elapsed seconds 58.37004852294922 <- took 58.0 seconds
Dataset=ds4 k=9 cov_type=tied sil=0.0953400380521372
** -> gmm k=9 cov_type=full elapsed seconds 1.7642974853515625e-05 <- took less than 1 second
** -> sil gmm k=9 cov_type=full elapsed seconds 55.85005474090576 <- took 55.0 seconds
Dataset=ds4 k=9 cov_type=full sil=0.07551284727929554
** -> gmm k=10 cov_type=spherical elapsed seconds 1.430511474609375e-05 <- took less than 1 second
** -> sil gmm k=10 cov_type=spherical elapsed seconds 58.32062101364136 <- took 58.0 seconds
Dataset=ds4 k=10 cov_type=spherical sil=0.09781956156284806
** -> gmm k=10 cov_type=diag elapsed seconds 1.811981201171875e-05 <- took less than 1 second
** -> sil gmm k=10 cov_type=diag elapsed seconds 45.516249895095825 <- took 45.0 seconds
Dataset=ds4 k=10 cov_type=diag sil=0.07153025024216635
** -> gmm k=10 cov_type=tied elapsed seconds 1.8835067749023438e-05 <- took less than 1 second
** -> sil gmm k=10 cov_type=tied elapsed seconds 60.09808540344238 <- took 1.0 minute
Dataset=ds4 k=10 cov_type=tied sil=0.09305525522760089
** -> gmm k=10 cov_type=full elapsed seconds 2.2411346435546875e-05 <- took less than 1 second
** -> sil gmm k=10 cov_type=full elapsed seconds 48.9209840297699 <- took 48.0 seconds
Dataset=ds4 k=10 cov_type=full sil=0.06091655046920956
** -> gmm k=11 cov_type=spherical elapsed seconds 1.4781951904296875e-05 <- took less than 1 second
** -> sil gmm k=11 cov_type=spherical elapsed seconds 59.47091865539551 <- took 59.0 seconds
Dataset=ds4 k=11 cov_type=spherical sil=0.08904189319497047
** -> gmm k=11 cov_type=diag elapsed seconds 1.52587890625e-05 <- took less than 1 second
** -> sil gmm k=11 cov_type=diag elapsed seconds 50.172492027282715 <- took 50.0 seconds
Dataset=ds4 k=11 cov_type=diag sil=0.04681917757334399
** -> gmm k=11 cov_type=tied elapsed seconds 2.1457672119140625e-05 <- took less than 1 second
** -> sil gmm k=11 cov_type=tied elapsed seconds 61.416154623031616 <- took 1.0 minute, 1.0 second
Dataset=ds4 k=11 cov_type=tied sil=0.08365275650000994
** -> gmm k=11 cov_type=full elapsed seconds 2.1696090698242188e-05 <- took less than 1 second
** -> sil gmm k=11 cov_type=full elapsed seconds 47.95311951637268 <- took 47.0 seconds
Dataset=ds4 k=11 cov_type=full sil=0.02015822889832895
** -> gmm k=12 cov_type=spherical elapsed seconds 2.2411346435546875e-05 <- took less than 1 second
** -> sil gmm k=12 cov_type=spherical elapsed seconds 59.89162254333496 <- took 59.0 seconds
Dataset=ds4 k=12 cov_type=spherical sil=0.09201025468009558
** -> gmm k=12 cov_type=diag elapsed seconds 2.002716064453125e-05 <- took less than 1 second
** -> sil gmm k=12 cov_type=diag elapsed seconds 58.550703048706055 <- took 58.0 seconds
Dataset=ds4 k=12 cov_type=diag sil=0.06679999925663367
** -> gmm k=12 cov_type=tied elapsed seconds 1.7642974853515625e-05 <- took less than 1 second
** -> sil gmm k=12 cov_type=tied elapsed seconds 52.89951038360596 <- took 52.0 seconds
Dataset=ds4 k=12 cov_type=tied sil=0.07890537730711943
** -> gmm k=12 cov_type=full elapsed seconds 1.3589859008789062e-05 <- took less than 1 second
** -> sil gmm k=12 cov_type=full elapsed seconds 52.52920436859131 <- took 52.0 seconds
Dataset=ds4 k=12 cov_type=full sil=0.06555488186611062
** -> gmm k=13 cov_type=spherical elapsed seconds 1.3589859008789062e-05 <- took less than 1 second
** -> sil gmm k=13 cov_type=spherical elapsed seconds 59.52796411514282 <- took 59.0 seconds
Dataset=ds4 k=13 cov_type=spherical sil=0.09322006282200944
** -> gmm k=13 cov_type=diag elapsed seconds 1.3589859008789062e-05 <- took less than 1 second
** -> sil gmm k=13 cov_type=diag elapsed seconds 50.19927430152893 <- took 50.0 seconds
Dataset=ds4 k=13 cov_type=diag sil=0.0633554732118964
** -> gmm k=13 cov_type=tied elapsed seconds 1.9311904907226562e-05 <- took less than 1 second
** -> sil gmm k=13 cov_type=tied elapsed seconds 56.92645502090454 <- took 56.0 seconds
Dataset=ds4 k=13 cov_type=tied sil=0.08620468458831398
** -> gmm k=13 cov_type=full elapsed seconds 1.9073486328125e-05 <- took less than 1 second
** -> sil gmm k=13 cov_type=full elapsed seconds 50.20744872093201 <- took 50.0 seconds
Dataset=ds4 k=13 cov_type=full sil=0.07494861161082839
** -> gmm k=14 cov_type=spherical elapsed seconds 1.8596649169921875e-05 <- took less than 1 second
** -> sil gmm k=14 cov_type=spherical elapsed seconds 62.51111340522766 <- took 1.0 minute, 2.0 seconds
Dataset=ds4 k=14 cov_type=spherical sil=0.09686468970612186
** -> gmm k=14 cov_type=diag elapsed seconds 1.8358230590820312e-05 <- took less than 1 second
** -> sil gmm k=14 cov_type=diag elapsed seconds 51.82702684402466 <- took 51.0 seconds
Dataset=ds4 k=14 cov_type=diag sil=0.06104863992759339
** -> gmm k=14 cov_type=tied elapsed seconds 1.9311904907226562e-05 <- took less than 1 second
** -> sil gmm k=14 cov_type=tied elapsed seconds 52.14523673057556 <- took 52.0 seconds
Dataset=ds4 k=14 cov_type=tied sil=0.08486916198787309
** -> gmm k=14 cov_type=full elapsed seconds 1.430511474609375e-05 <- took less than 1 second
** -> sil gmm k=14 cov_type=full elapsed seconds 59.78364419937134 <- took 59.0 seconds
Dataset=ds4 k=14 cov_type=full sil=0.05975107076156552
** -> gmm k=15 cov_type=spherical elapsed seconds 1.52587890625e-05 <- took less than 1 second
** -> sil gmm k=15 cov_type=spherical elapsed seconds 54.454724073410034 <- took 54.0 seconds
Dataset=ds4 k=15 cov_type=spherical sil=0.08435034128169923
** -> gmm k=15 cov_type=diag elapsed seconds 6.318092346191406e-05 <- took less than 1 second
** -> sil gmm k=15 cov_type=diag elapsed seconds 54.375022411346436 <- took 54.0 seconds
Dataset=ds4 k=15 cov_type=diag sil=0.034296932839515765
** -> gmm k=15 cov_type=tied elapsed seconds 2.2172927856445312e-05 <- took less than 1 second
** -> sil gmm k=15 cov_type=tied elapsed seconds 52.054277658462524 <- took 52.0 seconds
Dataset=ds4 k=15 cov_type=tied sil=0.08651620670389502
** -> gmm k=15 cov_type=full elapsed seconds 2.5987625122070312e-05 <- took less than 1 second
** -> sil gmm k=15 cov_type=full elapsed seconds 53.2339072227478 <- took 53.0 seconds
Dataset=ds4 k=15 cov_type=full sil=0.02863544272476705
** -> gmm k=16 cov_type=spherical elapsed seconds 2.8371810913085938e-05 <- took less than 1 second
** -> sil gmm k=16 cov_type=spherical elapsed seconds 54.06929349899292 <- took 54.0 seconds
Dataset=ds4 k=16 cov_type=spherical sil=0.08469956444026765
** -> gmm k=16 cov_type=diag elapsed seconds 2.6226043701171875e-05 <- took less than 1 second
** -> sil gmm k=16 cov_type=diag elapsed seconds 53.10564470291138 <- took 53.0 seconds
Dataset=ds4 k=16 cov_type=diag sil=0.017371968566489468
** -> gmm k=16 cov_type=tied elapsed seconds 2.3603439331054688e-05 <- took less than 1 second
** -> sil gmm k=16 cov_type=tied elapsed seconds 55.53750252723694 <- took 55.0 seconds
Dataset=ds4 k=16 cov_type=tied sil=0.08587881098372786
** -> gmm k=16 cov_type=full elapsed seconds 2.2172927856445312e-05 <- took less than 1 second
** -> sil gmm k=16 cov_type=full elapsed seconds 54.969109535217285 <- took 54.0 seconds
Dataset=ds4 k=16 cov_type=full sil=0.030433026323383454
** -> gmm k=17 cov_type=spherical elapsed seconds 1.52587890625e-05 <- took less than 1 second
** -> sil gmm k=17 cov_type=spherical elapsed seconds 57.93926763534546 <- took 57.0 seconds
Dataset=ds4 k=17 cov_type=spherical sil=0.07916221659250935
** -> gmm k=17 cov_type=diag elapsed seconds 2.1457672119140625e-05 <- took less than 1 second
** -> sil gmm k=17 cov_type=diag elapsed seconds 59.00003266334534 <- took 59.0 seconds
Dataset=ds4 k=17 cov_type=diag sil=0.01605615062933057
** -> gmm k=17 cov_type=tied elapsed seconds 1.4543533325195312e-05 <- took less than 1 second
** -> sil gmm k=17 cov_type=tied elapsed seconds 60.1471586227417 <- took 1.0 minute
Dataset=ds4 k=17 cov_type=tied sil=0.06426805285072393
** -> gmm k=17 cov_type=full elapsed seconds 1.8596649169921875e-05 <- took less than 1 second
** -> sil gmm k=17 cov_type=full elapsed seconds 59.91178011894226 <- took 59.0 seconds
Dataset=ds4 k=17 cov_type=full sil=0.00788592295620077
** -> gmm k=18 cov_type=spherical elapsed seconds 1.8358230590820312e-05 <- took less than 1 second
** -> sil gmm k=18 cov_type=spherical elapsed seconds 50.43821740150452 <- took 50.0 seconds
Dataset=ds4 k=18 cov_type=spherical sil=0.07402520063907847
** -> gmm k=18 cov_type=diag elapsed seconds 1.9550323486328125e-05 <- took less than 1 second
** -> sil gmm k=18 cov_type=diag elapsed seconds 58.178200006484985 <- took 58.0 seconds
Dataset=ds4 k=18 cov_type=diag sil=0.01924439545376222
** -> gmm k=18 cov_type=tied elapsed seconds 2.6941299438476562e-05 <- took less than 1 second
** -> sil gmm k=18 cov_type=tied elapsed seconds 51.46169066429138 <- took 51.0 seconds
Dataset=ds4 k=18 cov_type=tied sil=0.06520762969790123
** -> gmm k=18 cov_type=full elapsed seconds 1.9073486328125e-05 <- took less than 1 second
** -> sil gmm k=18 cov_type=full elapsed seconds 56.4156231880188 <- took 56.0 seconds
Dataset=ds4 k=18 cov_type=full sil=0.032287380592804664
** -> gmm k=19 cov_type=spherical elapsed seconds 3.695487976074219e-05 <- took less than 1 second
** -> sil gmm k=19 cov_type=spherical elapsed seconds 60.017393589019775 <- took 1.0 minute
Dataset=ds4 k=19 cov_type=spherical sil=0.06897766091479964
** -> gmm k=19 cov_type=diag elapsed seconds 1.7642974853515625e-05 <- took less than 1 second
** -> sil gmm k=19 cov_type=diag elapsed seconds 52.12921142578125 <- took 52.0 seconds
Dataset=ds4 k=19 cov_type=diag sil=0.017082008500741173
** -> gmm k=19 cov_type=tied elapsed seconds 2.956390380859375e-05 <- took less than 1 second
** -> sil gmm k=19 cov_type=tied elapsed seconds 60.55706334114075 <- took 1.0 minute
Dataset=ds4 k=19 cov_type=tied sil=0.07952667508542732
** -> gmm k=19 cov_type=full elapsed seconds 1.430511474609375e-05 <- took less than 1 second
** -> sil gmm k=19 cov_type=full elapsed seconds 56.482083559036255 <- took 56.0 seconds
Dataset=ds4 k=19 cov_type=full sil=0.03205605977047926
** -> gmm k=20 cov_type=spherical elapsed seconds 1.5735626220703125e-05 <- took less than 1 second
** -> sil gmm k=20 cov_type=spherical elapsed seconds 58.37952709197998 <- took 58.0 seconds
Dataset=ds4 k=20 cov_type=spherical sil=0.06183950387779052
** -> gmm k=20 cov_type=diag elapsed seconds 1.8596649169921875e-05 <- took less than 1 second
** -> sil gmm k=20 cov_type=diag elapsed seconds 48.005861043930054 <- took 48.0 seconds
Dataset=ds4 k=20 cov_type=diag sil=-0.0013892036107331692
** -> gmm k=20 cov_type=tied elapsed seconds 1.8596649169921875e-05 <- took less than 1 second
** -> sil gmm k=20 cov_type=tied elapsed seconds 53.2306113243103 <- took 53.0 seconds
Dataset=ds4 k=20 cov_type=tied sil=0.06599784341031327
** -> gmm k=20 cov_type=full elapsed seconds 1.3828277587890625e-05 <- took less than 1 second
** -> sil gmm k=20 cov_type=full elapsed seconds 56.52631664276123 <- took 56.0 seconds
Dataset=ds4 k=20 cov_type=full sil=0.0483421039468885
** -> gmm k=21 cov_type=spherical elapsed seconds 1.8596649169921875e-05 <- took less than 1 second
** -> sil gmm k=21 cov_type=spherical elapsed seconds 54.39716839790344 <- took 54.0 seconds
Dataset=ds4 k=21 cov_type=spherical sil=0.06938277536513167
** -> gmm k=21 cov_type=diag elapsed seconds 1.8358230590820312e-05 <- took less than 1 second
** -> sil gmm k=21 cov_type=diag elapsed seconds 57.28095817565918 <- took 57.0 seconds
Dataset=ds4 k=21 cov_type=diag sil=0.03770908769824219
** -> gmm k=21 cov_type=tied elapsed seconds 1.1682510375976562e-05 <- took less than 1 second
** -> sil gmm k=21 cov_type=tied elapsed seconds 59.01327729225159 <- took 59.0 seconds
Dataset=ds4 k=21 cov_type=tied sil=0.0767851411859598
** -> gmm k=21 cov_type=full elapsed seconds 1.5020370483398438e-05 <- took less than 1 second
** -> sil gmm k=21 cov_type=full elapsed seconds 66.17403960227966 <- took 1.0 minute, 6.0 seconds
Dataset=ds4 k=21 cov_type=full sil=0.03887037456073464
** -> gmm k=22 cov_type=spherical elapsed seconds 2.1219253540039062e-05 <- took less than 1 second
** -> sil gmm k=22 cov_type=spherical elapsed seconds 54.72782874107361 <- took 54.0 seconds
Dataset=ds4 k=22 cov_type=spherical sil=0.06848064509988298
** -> gmm k=22 cov_type=diag elapsed seconds 1.5735626220703125e-05 <- took less than 1 second
** -> sil gmm k=22 cov_type=diag elapsed seconds 57.166465759277344 <- took 57.0 seconds
Dataset=ds4 k=22 cov_type=diag sil=0.012344073538047867
** -> gmm k=22 cov_type=tied elapsed seconds 1.811981201171875e-05 <- took less than 1 second
** -> sil gmm k=22 cov_type=tied elapsed seconds 54.18989276885986 <- took 54.0 seconds
Dataset=ds4 k=22 cov_type=tied sil=0.06661255828280295
** -> gmm k=22 cov_type=full elapsed seconds 1.4781951904296875e-05 <- took less than 1 second
** -> sil gmm k=22 cov_type=full elapsed seconds 59.507054567337036 <- took 59.0 seconds
Dataset=ds4 k=22 cov_type=full sil=0.02659230349167825
** -> gmm k=23 cov_type=spherical elapsed seconds 2.193450927734375e-05 <- took less than 1 second
** -> sil gmm k=23 cov_type=spherical elapsed seconds 55.23679304122925 <- took 55.0 seconds
Dataset=ds4 k=23 cov_type=spherical sil=0.07096234979728294
** -> gmm k=23 cov_type=diag elapsed seconds 1.811981201171875e-05 <- took less than 1 second
** -> sil gmm k=23 cov_type=diag elapsed seconds 50.18764925003052 <- took 50.0 seconds
Dataset=ds4 k=23 cov_type=diag sil=0.001411304642988344
** -> gmm k=23 cov_type=tied elapsed seconds 1.4781951904296875e-05 <- took less than 1 second
** -> sil gmm k=23 cov_type=tied elapsed seconds 61.48490595817566 <- took 1.0 minute, 1.0 second
Dataset=ds4 k=23 cov_type=tied sil=0.06829115675650708
** -> gmm k=23 cov_type=full elapsed seconds 1.811981201171875e-05 <- took less than 1 second
** -> sil gmm k=23 cov_type=full elapsed seconds 51.30970597267151 <- took 51.0 seconds
Dataset=ds4 k=23 cov_type=full sil=0.04083973417147096
** -> gmm k=24 cov_type=spherical elapsed seconds 1.52587890625e-05 <- took less than 1 second
** -> sil gmm k=24 cov_type=spherical elapsed seconds 59.92312979698181 <- took 59.0 seconds
Dataset=ds4 k=24 cov_type=spherical sil=0.06947935410972952
** -> gmm k=24 cov_type=diag elapsed seconds 2.5033950805664062e-05 <- took less than 1 second
** -> sil gmm k=24 cov_type=diag elapsed seconds 58.73643898963928 <- took 58.0 seconds
Dataset=ds4 k=24 cov_type=diag sil=0.006354400269483734
** -> gmm k=24 cov_type=tied elapsed seconds 1.239776611328125e-05 <- took less than 1 second
** -> sil gmm k=24 cov_type=tied elapsed seconds 59.280163526535034 <- took 59.0 seconds
Dataset=ds4 k=24 cov_type=tied sil=0.057872241375846074
** -> gmm k=24 cov_type=full elapsed seconds 1.7881393432617188e-05 <- took less than 1 second
** -> sil gmm k=24 cov_type=full elapsed seconds 49.737247943878174 <- took 49.0 seconds
Dataset=ds4 k=24 cov_type=full sil=-0.006144742728390098
** -> gmm k=25 cov_type=spherical elapsed seconds 1.811981201171875e-05 <- took less than 1 second
** -> sil gmm k=25 cov_type=spherical elapsed seconds 59.97714376449585 <- took 59.0 seconds
Dataset=ds4 k=25 cov_type=spherical sil=0.0652582088195577
** -> gmm k=25 cov_type=diag elapsed seconds 1.8596649169921875e-05 <- took less than 1 second
** -> sil gmm k=25 cov_type=diag elapsed seconds 55.807262897491455 <- took 55.0 seconds
Dataset=ds4 k=25 cov_type=diag sil=0.011252505120928983
** -> gmm k=25 cov_type=tied elapsed seconds 1.811981201171875e-05 <- took less than 1 second
** -> sil gmm k=25 cov_type=tied elapsed seconds 50.62433934211731 <- took 50.0 seconds
Dataset=ds4 k=25 cov_type=tied sil=0.07010696938458061
** -> gmm k=25 cov_type=full elapsed seconds 2.5033950805664062e-05 <- took less than 1 second
** -> sil gmm k=25 cov_type=full elapsed seconds 64.86264848709106 <- took 1.0 minute, 4.0 seconds
Dataset=ds4 k=25 cov_type=full sil=0.020605704205397878
** -> gmm k=26 cov_type=spherical elapsed seconds 1.811981201171875e-05 <- took less than 1 second
** -> sil gmm k=26 cov_type=spherical elapsed seconds 45.79094195365906 <- took 45.0 seconds
Dataset=ds4 k=26 cov_type=spherical sil=0.06642854665164244
** -> gmm k=26 cov_type=diag elapsed seconds 1.8835067749023438e-05 <- took less than 1 second
** -> sil gmm k=26 cov_type=diag elapsed seconds 55.845866441726685 <- took 55.0 seconds
Dataset=ds4 k=26 cov_type=diag sil=0.009414533414620235
** -> gmm k=26 cov_type=tied elapsed seconds 2.09808349609375e-05 <- took less than 1 second
** -> sil gmm k=26 cov_type=tied elapsed seconds 66.7289080619812 <- took 1.0 minute, 6.0 seconds
Dataset=ds4 k=26 cov_type=tied sil=0.06954457283959628
** -> gmm k=26 cov_type=full elapsed seconds 2.09808349609375e-05 <- took less than 1 second
** -> sil gmm k=26 cov_type=full elapsed seconds 50.76240253448486 <- took 50.0 seconds
Dataset=ds4 k=26 cov_type=full sil=0.014563439814242032
** -> gmm k=27 cov_type=spherical elapsed seconds 3.170967102050781e-05 <- took less than 1 second
** -> sil gmm k=27 cov_type=spherical elapsed seconds 57.26018476486206 <- took 57.0 seconds
Dataset=ds4 k=27 cov_type=spherical sil=0.05904482819799056
** -> gmm k=27 cov_type=diag elapsed seconds 1.8596649169921875e-05 <- took less than 1 second
** -> sil gmm k=27 cov_type=diag elapsed seconds 46.90284752845764 <- took 46.0 seconds
Dataset=ds4 k=27 cov_type=diag sil=0.007774951338063757
** -> gmm k=27 cov_type=tied elapsed seconds 2.0265579223632812e-05 <- took less than 1 second
** -> sil gmm k=27 cov_type=tied elapsed seconds 62.94266891479492 <- took 1.0 minute, 2.0 seconds
Dataset=ds4 k=27 cov_type=tied sil=0.0648364487183118
** -> gmm k=27 cov_type=full elapsed seconds 1.811981201171875e-05 <- took less than 1 second
** -> sil gmm k=27 cov_type=full elapsed seconds 55.24580717086792 <- took 55.0 seconds
Dataset=ds4 k=27 cov_type=full sil=0.014798307633249491
** -> gmm k=28 cov_type=spherical elapsed seconds 1.811981201171875e-05 <- took less than 1 second
** -> sil gmm k=28 cov_type=spherical elapsed seconds 48.52845788002014 <- took 48.0 seconds
Dataset=ds4 k=28 cov_type=spherical sil=0.057475762810416955
** -> gmm k=28 cov_type=diag elapsed seconds 1.8835067749023438e-05 <- took less than 1 second
** -> sil gmm k=28 cov_type=diag elapsed seconds 63.517736196517944 <- took 1.0 minute, 3.0 seconds
Dataset=ds4 k=28 cov_type=diag sil=0.008345883157341747
** -> gmm k=28 cov_type=tied elapsed seconds 2.6226043701171875e-05 <- took less than 1 second
** -> sil gmm k=28 cov_type=tied elapsed seconds 48.860756397247314 <- took 48.0 seconds
Dataset=ds4 k=28 cov_type=tied sil=0.06434481287025098
** -> gmm k=28 cov_type=full elapsed seconds 1.2874603271484375e-05 <- took less than 1 second
** -> sil gmm k=28 cov_type=full elapsed seconds 63.52712154388428 <- took 1.0 minute, 3.0 seconds
Dataset=ds4 k=28 cov_type=full sil=0.007209222716433225
** -> gmm k=29 cov_type=spherical elapsed seconds 3.075599670410156e-05 <- took less than 1 second
** -> sil gmm k=29 cov_type=spherical elapsed seconds 47.82253813743591 <- took 47.0 seconds
Dataset=ds4 k=29 cov_type=spherical sil=0.05685602626160394
** -> gmm k=29 cov_type=diag elapsed seconds 1.8596649169921875e-05 <- took less than 1 second
** -> sil gmm k=29 cov_type=diag elapsed seconds 59.39250946044922 <- took 59.0 seconds
Dataset=ds4 k=29 cov_type=diag sil=0.010401332398922932
** -> gmm k=29 cov_type=tied elapsed seconds 2.5987625122070312e-05 <- took less than 1 second
** -> sil gmm k=29 cov_type=tied elapsed seconds 50.8776798248291 <- took 50.0 seconds
Dataset=ds4 k=29 cov_type=tied sil=0.044606964013357765
** -> gmm k=29 cov_type=full elapsed seconds 1.8596649169921875e-05 <- took less than 1 second
** -> sil gmm k=29 cov_type=full elapsed seconds 58.9917631149292 <- took 58.0 seconds
Dataset=ds4 k=29 cov_type=full sil=0.00699849429519505
