+-----------------------------------------------------------------------------+
| Logfile        : gmm-sweepk-ds4-rp-57-sil.log                               |
| Job id         : 5091306566                 Class: SLES11SP4&&8C&&32G Qslot: /icf/fdk/pdx_critical_vp/bench10|
| Executed on    : plxch4070                  Pool : pdx_misc                 |
| Queueing time  : Sun Nov  4 07:00:34 2018                                   |
| Starting time  : Sun Nov  4 07:00:38 2018          Qwait:   0h:00m:04s      |
| Command        : part3.py -a gmm-sweepk --ncomp 57 -s ds4 --reducer rp      |
+-----------------------------------------------------------------------------+
** -> rp projection calculation for ds4, k=57 elapsed seconds 0.0032351016998291016 <- took less than 1 second
Wrote /nfs/pdx/disks/icf_env_disk001/bjbarcla/gwa/issues/ml/class/proj3/datasets/ds4/dimreducer-rp-57.pkl
** -> gmm k=2 cov_type=spherical elapsed seconds 2.4318695068359375e-05 <- took less than 1 second
** -> sil gmm k=2 cov_type=spherical elapsed seconds 58.348819732666016 <- took 58.0 seconds
Dataset=ds4 k=2 cov_type=spherical sil=0.17690131667749384
** -> gmm k=2 cov_type=diag elapsed seconds 2.0265579223632812e-05 <- took less than 1 second
** -> sil gmm k=2 cov_type=diag elapsed seconds 58.41094088554382 <- took 58.0 seconds
Dataset=ds4 k=2 cov_type=diag sil=0.18935903917861
** -> gmm k=2 cov_type=tied elapsed seconds 1.9550323486328125e-05 <- took less than 1 second
** -> sil gmm k=2 cov_type=tied elapsed seconds 57.45921492576599 <- took 57.0 seconds
Dataset=ds4 k=2 cov_type=tied sil=0.27468450421929763
** -> gmm k=2 cov_type=full elapsed seconds 1.9550323486328125e-05 <- took less than 1 second
** -> sil gmm k=2 cov_type=full elapsed seconds 57.752294063568115 <- took 57.0 seconds
Dataset=ds4 k=2 cov_type=full sil=0.30462256691980033
** -> gmm k=4 cov_type=spherical elapsed seconds 1.9073486328125e-05 <- took less than 1 second
** -> sil gmm k=4 cov_type=spherical elapsed seconds 59.55500602722168 <- took 59.0 seconds
Dataset=ds4 k=4 cov_type=spherical sil=0.008234719496143832
** -> gmm k=4 cov_type=diag elapsed seconds 2.0265579223632812e-05 <- took less than 1 second
** -> sil gmm k=4 cov_type=diag elapsed seconds 59.38639426231384 <- took 59.0 seconds
Dataset=ds4 k=4 cov_type=diag sil=0.009327689993576275
** -> gmm k=4 cov_type=tied elapsed seconds 2.0265579223632812e-05 <- took less than 1 second
** -> sil gmm k=4 cov_type=tied elapsed seconds 59.19207406044006 <- took 59.0 seconds
Dataset=ds4 k=4 cov_type=tied sil=0.05217964269550026
** -> gmm k=4 cov_type=full elapsed seconds 1.9788742065429688e-05 <- took less than 1 second
** -> sil gmm k=4 cov_type=full elapsed seconds 59.25956606864929 <- took 59.0 seconds
Dataset=ds4 k=4 cov_type=full sil=0.020959472459868532
** -> gmm k=6 cov_type=spherical elapsed seconds 1.8835067749023438e-05 <- took less than 1 second
** -> sil gmm k=6 cov_type=spherical elapsed seconds 59.234713554382324 <- took 59.0 seconds
Dataset=ds4 k=6 cov_type=spherical sil=-0.027738871249789687
** -> gmm k=6 cov_type=diag elapsed seconds 2.9325485229492188e-05 <- took less than 1 second
** -> sil gmm k=6 cov_type=diag elapsed seconds 59.38359594345093 <- took 59.0 seconds
Dataset=ds4 k=6 cov_type=diag sil=0.005842780575134859
** -> gmm k=6 cov_type=tied elapsed seconds 2.0265579223632812e-05 <- took less than 1 second
** -> sil gmm k=6 cov_type=tied elapsed seconds 59.39895558357239 <- took 59.0 seconds
Dataset=ds4 k=6 cov_type=tied sil=0.061782553396938306
** -> gmm k=6 cov_type=full elapsed seconds 1.8835067749023438e-05 <- took less than 1 second
** -> sil gmm k=6 cov_type=full elapsed seconds 58.48513674736023 <- took 58.0 seconds
Dataset=ds4 k=6 cov_type=full sil=0.021533422491101125
** -> gmm k=8 cov_type=spherical elapsed seconds 2.0265579223632812e-05 <- took less than 1 second
** -> sil gmm k=8 cov_type=spherical elapsed seconds 59.0927529335022 <- took 59.0 seconds
Dataset=ds4 k=8 cov_type=spherical sil=-0.018753146702908466
** -> gmm k=8 cov_type=diag elapsed seconds 1.9311904907226562e-05 <- took less than 1 second
** -> sil gmm k=8 cov_type=diag elapsed seconds 58.9875385761261 <- took 58.0 seconds
Dataset=ds4 k=8 cov_type=diag sil=0.04015693975549138
** -> gmm k=8 cov_type=tied elapsed seconds 1.8835067749023438e-05 <- took less than 1 second
** -> sil gmm k=8 cov_type=tied elapsed seconds 59.250808000564575 <- took 59.0 seconds
Dataset=ds4 k=8 cov_type=tied sil=0.06477055736533097
** -> gmm k=8 cov_type=full elapsed seconds 1.8835067749023438e-05 <- took less than 1 second
** -> sil gmm k=8 cov_type=full elapsed seconds 58.612130641937256 <- took 58.0 seconds
Dataset=ds4 k=8 cov_type=full sil=0.03774991578136651
** -> gmm k=10 cov_type=spherical elapsed seconds 1.8835067749023438e-05 <- took less than 1 second
** -> sil gmm k=10 cov_type=spherical elapsed seconds 59.02755832672119 <- took 59.0 seconds
Dataset=ds4 k=10 cov_type=spherical sil=0.007620072067144469
** -> gmm k=10 cov_type=diag elapsed seconds 2.956390380859375e-05 <- took less than 1 second
** -> sil gmm k=10 cov_type=diag elapsed seconds 59.15974187850952 <- took 59.0 seconds
Dataset=ds4 k=10 cov_type=diag sil=0.024706001591977292
** -> gmm k=10 cov_type=tied elapsed seconds 1.9788742065429688e-05 <- took less than 1 second
** -> sil gmm k=10 cov_type=tied elapsed seconds 58.77898812294006 <- took 58.0 seconds
Dataset=ds4 k=10 cov_type=tied sil=0.0746885854428779
** -> gmm k=10 cov_type=full elapsed seconds 1.8596649169921875e-05 <- took less than 1 second
** -> sil gmm k=10 cov_type=full elapsed seconds 58.750404596328735 <- took 58.0 seconds
Dataset=ds4 k=10 cov_type=full sil=0.03266283413974987
** -> gmm k=12 cov_type=spherical elapsed seconds 1.811981201171875e-05 <- took less than 1 second
** -> sil gmm k=12 cov_type=spherical elapsed seconds 58.3344829082489 <- took 58.0 seconds
Dataset=ds4 k=12 cov_type=spherical sil=0.0022273605197819153
** -> gmm k=12 cov_type=diag elapsed seconds 2.0742416381835938e-05 <- took less than 1 second
** -> sil gmm k=12 cov_type=diag elapsed seconds 58.71995949745178 <- took 58.0 seconds
Dataset=ds4 k=12 cov_type=diag sil=0.024191548599685378
** -> gmm k=12 cov_type=tied elapsed seconds 1.8835067749023438e-05 <- took less than 1 second
** -> sil gmm k=12 cov_type=tied elapsed seconds 58.91901731491089 <- took 58.0 seconds
Dataset=ds4 k=12 cov_type=tied sil=0.08131787845555134
** -> gmm k=12 cov_type=full elapsed seconds 1.9073486328125e-05 <- took less than 1 second
** -> sil gmm k=12 cov_type=full elapsed seconds 58.188425064086914 <- took 58.0 seconds
Dataset=ds4 k=12 cov_type=full sil=0.06561725905257171
** -> gmm k=14 cov_type=spherical elapsed seconds 1.9788742065429688e-05 <- took less than 1 second
** -> sil gmm k=14 cov_type=spherical elapsed seconds 58.09968113899231 <- took 58.0 seconds
Dataset=ds4 k=14 cov_type=spherical sil=0.01628719542125058
** -> gmm k=14 cov_type=diag elapsed seconds 2.09808349609375e-05 <- took less than 1 second
** -> sil gmm k=14 cov_type=diag elapsed seconds 57.6107439994812 <- took 57.0 seconds
Dataset=ds4 k=14 cov_type=diag sil=0.05773874204328694
** -> gmm k=14 cov_type=tied elapsed seconds 2.0742416381835938e-05 <- took less than 1 second
** -> sil gmm k=14 cov_type=tied elapsed seconds 57.96772074699402 <- took 57.0 seconds
Dataset=ds4 k=14 cov_type=tied sil=0.08622919039368444
** -> gmm k=14 cov_type=full elapsed seconds 2.002716064453125e-05 <- took less than 1 second
** -> sil gmm k=14 cov_type=full elapsed seconds 57.87437558174133 <- took 57.0 seconds
Dataset=ds4 k=14 cov_type=full sil=0.07867555152889637
** -> gmm k=16 cov_type=spherical elapsed seconds 1.9788742065429688e-05 <- took less than 1 second
** -> sil gmm k=16 cov_type=spherical elapsed seconds 57.504929542541504 <- took 57.0 seconds
Dataset=ds4 k=16 cov_type=spherical sil=0.031035396638077268
** -> gmm k=16 cov_type=diag elapsed seconds 1.9550323486328125e-05 <- took less than 1 second
** -> sil gmm k=16 cov_type=diag elapsed seconds 57.45087933540344 <- took 57.0 seconds
Dataset=ds4 k=16 cov_type=diag sil=0.07143097141831437
** -> gmm k=16 cov_type=tied elapsed seconds 2.0265579223632812e-05 <- took less than 1 second
** -> sil gmm k=16 cov_type=tied elapsed seconds 58.10309982299805 <- took 58.0 seconds
Dataset=ds4 k=16 cov_type=tied sil=0.10974987611583803
** -> gmm k=16 cov_type=full elapsed seconds 1.9788742065429688e-05 <- took less than 1 second
** -> sil gmm k=16 cov_type=full elapsed seconds 57.64891052246094 <- took 57.0 seconds
Dataset=ds4 k=16 cov_type=full sil=0.09158411346749666
** -> gmm k=18 cov_type=spherical elapsed seconds 2.0742416381835938e-05 <- took less than 1 second
** -> sil gmm k=18 cov_type=spherical elapsed seconds 57.3871431350708 <- took 57.0 seconds
Dataset=ds4 k=18 cov_type=spherical sil=0.0338069425225886
** -> gmm k=18 cov_type=diag elapsed seconds 2.0742416381835938e-05 <- took less than 1 second
** -> sil gmm k=18 cov_type=diag elapsed seconds 57.65910744667053 <- took 57.0 seconds
Dataset=ds4 k=18 cov_type=diag sil=0.07970116384822712
** -> gmm k=18 cov_type=tied elapsed seconds 2.1457672119140625e-05 <- took less than 1 second
** -> sil gmm k=18 cov_type=tied elapsed seconds 57.92582893371582 <- took 57.0 seconds
Dataset=ds4 k=18 cov_type=tied sil=0.12848115303963908
** -> gmm k=18 cov_type=full elapsed seconds 2.2411346435546875e-05 <- took less than 1 second
** -> sil gmm k=18 cov_type=full elapsed seconds 57.58386754989624 <- took 57.0 seconds
Dataset=ds4 k=18 cov_type=full sil=0.09125141711217066
** -> gmm k=20 cov_type=spherical elapsed seconds 2.1696090698242188e-05 <- took less than 1 second
** -> sil gmm k=20 cov_type=spherical elapsed seconds 56.946643114089966 <- took 56.0 seconds
Dataset=ds4 k=20 cov_type=spherical sil=0.0498816872757346
** -> gmm k=20 cov_type=diag elapsed seconds 2.0265579223632812e-05 <- took less than 1 second
** -> sil gmm k=20 cov_type=diag elapsed seconds 57.58873915672302 <- took 57.0 seconds
Dataset=ds4 k=20 cov_type=diag sil=0.09281058449017753
** -> gmm k=20 cov_type=tied elapsed seconds 1.8835067749023438e-05 <- took less than 1 second
** -> sil gmm k=20 cov_type=tied elapsed seconds 57.63198947906494 <- took 57.0 seconds
Dataset=ds4 k=20 cov_type=tied sil=0.1351231493879445
** -> gmm k=20 cov_type=full elapsed seconds 1.9788742065429688e-05 <- took less than 1 second
** -> sil gmm k=20 cov_type=full elapsed seconds 57.338189125061035 <- took 57.0 seconds
Dataset=ds4 k=20 cov_type=full sil=0.11086282809167994
** -> gmm k=22 cov_type=spherical elapsed seconds 1.9550323486328125e-05 <- took less than 1 second
** -> sil gmm k=22 cov_type=spherical elapsed seconds 57.31015729904175 <- took 57.0 seconds
Dataset=ds4 k=22 cov_type=spherical sil=0.05846834984446092
** -> gmm k=22 cov_type=diag elapsed seconds 1.8835067749023438e-05 <- took less than 1 second
** -> sil gmm k=22 cov_type=diag elapsed seconds 57.27123808860779 <- took 57.0 seconds
Dataset=ds4 k=22 cov_type=diag sil=0.09919306735074467
** -> gmm k=22 cov_type=tied elapsed seconds 1.9311904907226562e-05 <- took less than 1 second
** -> sil gmm k=22 cov_type=tied elapsed seconds 57.301332235336304 <- took 57.0 seconds
Dataset=ds4 k=22 cov_type=tied sil=0.14519196621288885
** -> gmm k=22 cov_type=full elapsed seconds 2.002716064453125e-05 <- took less than 1 second
** -> sil gmm k=22 cov_type=full elapsed seconds 57.063737869262695 <- took 57.0 seconds
Dataset=ds4 k=22 cov_type=full sil=0.1254109215835556
** -> gmm k=24 cov_type=spherical elapsed seconds 2.002716064453125e-05 <- took less than 1 second
** -> sil gmm k=24 cov_type=spherical elapsed seconds 57.05605959892273 <- took 57.0 seconds
Dataset=ds4 k=24 cov_type=spherical sil=0.06428865778835935
** -> gmm k=24 cov_type=diag elapsed seconds 2.1219253540039062e-05 <- took less than 1 second
** -> sil gmm k=24 cov_type=diag elapsed seconds 56.6227023601532 <- took 56.0 seconds
Dataset=ds4 k=24 cov_type=diag sil=0.10133371870397642
** -> gmm k=24 cov_type=tied elapsed seconds 2.09808349609375e-05 <- took less than 1 second
** -> sil gmm k=24 cov_type=tied elapsed seconds 56.94425940513611 <- took 56.0 seconds
Dataset=ds4 k=24 cov_type=tied sil=0.149001115593116
** -> gmm k=24 cov_type=full elapsed seconds 2.0265579223632812e-05 <- took less than 1 second
** -> sil gmm k=24 cov_type=full elapsed seconds 56.74086308479309 <- took 56.0 seconds
Dataset=ds4 k=24 cov_type=full sil=0.13375424258548566
** -> gmm k=26 cov_type=spherical elapsed seconds 2.0742416381835938e-05 <- took less than 1 second
** -> sil gmm k=26 cov_type=spherical elapsed seconds 56.641268253326416 <- took 56.0 seconds
Dataset=ds4 k=26 cov_type=spherical sil=0.07354834792856793
** -> gmm k=26 cov_type=diag elapsed seconds 2.1219253540039062e-05 <- took less than 1 second
** -> sil gmm k=26 cov_type=diag elapsed seconds 56.453373193740845 <- took 56.0 seconds
Dataset=ds4 k=26 cov_type=diag sil=0.11086597307667063
** -> gmm k=26 cov_type=tied elapsed seconds 2.0265579223632812e-05 <- took less than 1 /nfs/pdx/disks/icf_env_disk001/bjbarcla/gwa/issues/ml/mlai/lib/python3.6/site-packages/sklearn/ensemble/weight_boosting.py:29: DeprecationWarning: numpy.core.umath_tests is an internal NumPy module and should not be imported. It will be removed in a future NumPy release.
  from numpy.core.umath_tests import inner1d
second
** -> sil gmm k=26 cov_type=tied elapsed seconds 56.84821009635925 <- took 56.0 seconds
Dataset=ds4 k=26 cov_type=tied sil=0.15481980095120268
** -> gmm k=26 cov_type=full elapsed seconds 2.0265579223632812e-05 <- took less than 1 second
** -> sil gmm k=26 cov_type=full elapsed seconds 56.554381370544434 <- took 56.0 seconds
Dataset=ds4 k=26 cov_type=full sil=0.1417204813431825
** -> gmm k=28 cov_type=spherical elapsed seconds 2.002716064453125e-05 <- took less than 1 second
** -> sil gmm k=28 cov_type=spherical elapsed seconds 56.475379943847656 <- took 56.0 seconds
Dataset=ds4 k=28 cov_type=spherical sil=0.08165385521407001
** -> gmm k=28 cov_type=diag elapsed seconds 2.0503997802734375e-05 <- took less than 1 second
** -> sil gmm k=28 cov_type=diag elapsed seconds 56.2173171043396 <- took 56.0 seconds
Dataset=ds4 k=28 cov_type=diag sil=0.11771334468591543
** -> gmm k=28 cov_type=tied elapsed seconds 2.002716064453125e-05 <- took less than 1 second
** -> sil gmm k=28 cov_type=tied elapsed seconds 56.59645676612854 <- took 56.0 seconds
Dataset=ds4 k=28 cov_type=tied sil=0.1603358175028036
** -> gmm k=28 cov_type=full elapsed seconds 2.0503997802734375e-05 <- took less than 1 second
** -> sil gmm k=28 cov_type=full elapsed seconds 56.37379002571106 <- took 56.0 seconds
Dataset=ds4 k=28 cov_type=full sil=0.14740380257786886
+-----------------------------------------------------------------------------+
| Exit Status    : 0                                                          |
| Finishing time : Sun Nov  4 08:00:47 2018                                   |
| CPU time       : Usr 3746.126s Sys 2755.744s WC  1h:00m:09s                     |
| Rusage Stats   : Mem:33432  PF:  464710701/CSv/f:  0/0     Swaps:0          |
|                :           Msg:    0/0     IOops:  0/0     Sigs :0          |
+-----------------------------------------------------------------------------+
