+-----------------------------------------------------------------------------+
| Logfile        : gmm-sweepk-ds1-rp-5-sil.log                                |
| Job id         : 5091306316                 Class: SLES11SP4&&8C&&32G Qslot: /icf/fdk/pdx_critical_vp/bench1|
| Executed on    : plxcm4008                  Pool : pdx_misc                 |
| Queueing time  : Sun Nov  4 07:00:19 2018                                   |
| Starting time  : Sun Nov  4 07:00:21 2018          Qwait:   0h:00m:02s      |
| Command        : part3.py -a gmm-sweepk --ncomp 5 -s ds1 --reducer rp       |
+-----------------------------------------------------------------------------+
** -> rp projection calculation for ds1, k=5 elapsed seconds 0.004616260528564453 <- took less than 1 second
Wrote /nfs/pdx/disks/icf_env_disk001/bjbarcla/gwa/issues/ml/class/proj3/datasets/ds1/dimreducer-rp-5.pkl
** -> gmm k=2 cov_type=spherical elapsed seconds 3.933906555175781e-05 <- took less than 1 second
** -> sil gmm k=2 cov_type=spherical elapsed seconds 305.4575128555298 <- took 5.0 minutes, 5.0 seconds
Dataset=ds1 k=2 cov_type=spherical sil=0.34913528526685994
** -> gmm k=2 cov_type=diag elapsed seconds 4.57763671875e-05 <- took less than 1 second
** -> sil gmm k=2 cov_type=diag elapsed seconds 344.28825855255127 <- took 5.0 minutes, 44.0 seconds
Dataset=ds1 k=2 cov_type=diag sil=0.4349627401391901
** -> gmm k=2 cov_type=tied elapsed seconds 4.4345855712890625e-05 <- took less than 1 second
** -> sil gmm k=2 cov_type=tied elapsed seconds 239.54965949058533 <- took 3.0 minutes, 59.0 seconds
Dataset=ds1 k=2 cov_type=tied sil=0.4349627401391901
** -> gmm k=2 cov_type=full elapsed seconds 4.172325134277344e-05 <- took less than 1 second
** -> sil gmm k=2 cov_type=full elapsed seconds 233.37688970565796 <- took 3.0 minutes, 53.0 seconds
Dataset=ds1 k=2 cov_type=full sil=0.5536897559568188
** -> gmm k=6 cov_type=spherical elapsed seconds 4.1961669921875e-05 <- took less than 1 second
** -> sil gmm k=6 cov_type=spherical elapsed seconds 276.74957966804504 <- took 4.0 minutes, 36.0 seconds
Dataset=ds1 k=6 cov_type=spherical sil=0.39118518471006486
** -> gmm k=6 cov_type=diag elapsed seconds 4.38690185546875e-05 <- took less than 1 second
** -> sil gmm k=6 cov_type=diag elapsed seconds 257.88101959228516 <- took 4.0 minutes, 17.0 seconds
Dataset=ds1 k=6 cov_type=diag sil=0.4576169887951418
** -> gmm k=6 cov_type=tied elapsed seconds 4.458427429199219e-05 <- took less than 1 second
** -> sil gmm k=6 cov_type=tied elapsed seconds 287.24328899383545 <- took 4.0 minutes, 47.0 seconds
Dataset=ds1 k=6 cov_type=tied sil=0.4639532082388899
** -> gmm k=6 cov_type=full elapsed seconds 4.5299530029296875e-05 <- took less than 1 second
** -> sil gmm k=6 cov_type=full elapsed seconds 300.94108486175537 <- took 5.0 minutes
Dataset=ds1 k=6 cov_type=full sil=0.40230265596908193
** -> gmm k=10 cov_type=spherical elapsed seconds 4.506111145019531e-05 <- took less than 1 second
** -> sil gmm k=10 cov_type=spherical elapsed seconds 259.03187584877014 <- took 4.0 minutes, 19.0 seconds
Dataset=ds1 k=10 cov_type=spherical sil=0.534934103299988
** -> gmm k=10 cov_type=diag elapsed seconds 4.7206878662109375e-05 <- took less than 1 second
** -> sil gmm k=10 cov_type=diag elapsed seconds 277.5062804222107 <- took 4.0 minutes, 37.0 seconds
Dataset=ds1 k=10 cov_type=diag sil=0.5072235846045563
** -> gmm k=10 cov_type=tied elapsed seconds 4.792213439941406e-05 <- took less than 1 second
** -> sil gmm k=10 cov_type=tied elapsed seconds 281.67178201675415 <- took 4.0 minutes, 41.0 seconds
Dataset=ds1 k=10 cov_type=tied sil=0.2867428954881307
** -> gmm k=10 cov_type=full elapsed seconds 0.0003192424774169922 <- took less than 1 second
** -> sil gmm k=10 cov_type=full elapsed seconds 275.19717597961426 <- took 4.0 minutes, 35.0 seconds
Dataset=ds1 k=10 cov_type=full sil=0.40873885568755614
** -> gmm k=14 cov_type=spherical elapsed seconds 4.649162292480469e-05 <- took less than 1 second
** -> sil gmm k=14 cov_type=spherical elapsed seconds 276.4604606628418 <- took 4.0 minutes, 36.0 seconds
Dataset=ds1 k=14 cov_type=spherical sil=0.5525344573681451
** -> gmm k=14 cov_type=diag elapsed seconds 4.601478576660156e-05 <- took less than 1 second
** -> sil gmm k=14 cov_type=diag elapsed seconds 297.4923815727234 <- took 4.0 minutes, 57.0 seconds
Dataset=ds1 k=14 cov_type=diag sil=0.3810838923306406
** -> gmm k=14 cov_type=tied elapsed seconds 3.314018249511719e-05 <- took less than 1 second
** -> sil gmm k=14 cov_type=tied elapsed seconds 269.37571001052856 <- took 4.0 minutes, 29.0 seconds
Dataset=ds1 k=14 cov_type=tied sil=0.5214708859556403
** -> gmm k=14 cov_type=full elapsed seconds 3.0994415283203125e-05 <- took less than 1 second
** -> sil gmm k=14 cov_type=full elapsed seconds 303.13997054100037 <- took 5.0 minutes, 3.0 seconds
Dataset=ds1 k=14 cov_type=full sil=0.38312352559270935
** -> gmm k=18 cov_type=spherical elapsed seconds 4.363059997558594e-05 <- took less than 1 second
** -> sil gmm k=18 cov_type=spherical elapsed seconds 277.9686679840088 <- took 4.0 minutes, 37.0 seconds
Dataset=ds1 k=18 cov_type=spherical sil=0.5576960933966854
** -> gmm k=18 cov_type=diag elapsed seconds 4.1484832763671875e-05 <- took less than 1 second
** -> sil gmm k=18 cov_type=diag elapsed seconds 306.05591893196106 <- took 5.0 minutes, 6.0 seconds
Dataset=ds1 k=18 cov_type=diag sil=0.40407535896991764
** -> gmm k=18 cov_type=tied elapsed seconds 2.9325485229492188e-05 <- took less than 1 second
** -> sil gmm k=18 cov_type=tied elapsed seconds 258.5134172439575 <- took 4.0 minutes, 18.0 seconds
Dataset=ds1 k=18 cov_type=tied sil=0.5991497083966258
** -> gmm k=18 cov_type=full elapsed seconds 4.029273986816406e-05 <- took less than 1 second
** -> sil gmm k=18 cov_type=full elapsed seconds 280.3257050514221 <- took 4.0 minutes, 40.0 seconds
Dataset=ds1 k=18 cov_type=full sil=0.4029599877733996
** -> gmm k=22 cov_type=spherical elapsed seconds 3.2901763916015625e-05 <- took less than 1 second
** -> sil gmm k=22 cov_type=spherical elapsed seconds 365.35023832321167 <- took 6.0 minutes, 5.0 seconds
Dataset=ds1 k=22 cov_type=spherical sil=0.5701038553974788
** -> gmm k=22 cov_type=diag elapsed seconds 3.075599670410156e-05 <- took less than 1 second
** -> sil gmm k=22 cov_type=diag elapsed seconds 303.29477190971375 <- took 5.0 minutes, 3.0 seconds
Dataset=ds1 k=22 cov_type=diag sil=0.39433864898475185
** -> gmm k=22 cov_type=tied elapsed seconds 3.0517578125e-05 <- took less than 1 second
** -> sil gmm k=22 cov_type=tied elapsed seconds 314.1969196796417 <- took 5.0 minutes, 14.0 seconds
Dataset=ds1 k=22 cov_type=tied sil=0.696523762085279
** -> gmm k=22 cov_type=full elapsed seconds 2.3126602172851562e-05 <- took less than 1 second
** -> sil gmm k=22 cov_type=full elapsed seconds 325.3780028820038 <- took 5.0 minutes, 25.0 seconds
Dataset=ds1 k=22 cov_type=full sil=0.4041028322465363
** -> gmm k=26 cov_type=spherical elapsed seconds 3.933906555175781e-05 <- took less than 1 second
** -> sil gmm k=26 cov_type=spherical elapsed seconds 282.46519112586975 <- took 4.0 minutes, 42.0 seconds
Dataset=ds1 k=26 cov_type=spherical sil=0.5792451680963612
** -> gmm k=26 cov_type=diag elapsed seconds 4.029273986816406e-05 <- took less than 1 second
** -> sil gmm k=26 cov_type=diag elapsed seconds 280.98392367362976 <- took 4.0 minutes, 40.0 seconds
Dataset=ds1 k=26 cov_type=diag sil=0.3820220704776597
** -> gmm k=26 cov_type=tied elapsed seconds 4.792213439941406e-05 <- took less than 1 second
** -> sil gmm k=26 cov_type=tied elapsed seconds 259.2865524291992 <- took 4.0 minutes, 19.0 seconds
Dataset=ds1 k=26 cov_type=tied sil=0.7155619347032356
** -> gmm k=26 cov_type=full elapsed seconds 4.1961669921875e-05 <- took less than 1 second
** -> sil gmm k=26 cov_type=full elapsed seconds 303.20312690734863 <- took 5.0 minutes, 3.0 seconds
Dataset=ds1 k=26 cov_type=full sil=0.5320659195278001
** -> gmm k=30 cov_type=spherical elapsed seconds 4.172325134277344e-05 <- took less than 1 second
** -> sil gmm k=30 cov_type=spherical elapsed seconds 262.378719329834 <- took 4.0 minutes, 22.0 seconds
Dataset=ds1 k=30 cov_type=spherical sil=0.6062781646344986
** -> gmm k=30 cov_type=diag elapsed seconds 4.887580871582031e-05 <- took less than 1 second
** -> sil gmm k=30 cov_type=diag elapsed seconds 273.02854895591736 <- took 4.0 minutes, 33.0 seconds
Dataset=ds1 k=30 cov_type=diag sil=0.4041670344343189
** -> gmm k=30 cov_type=tied elapsed seconds 4.5299530029296875e-05 <- took less than 1 second
** -> sil gmm k=30 cov_type=tied elapsed seconds 270.39099860191345 <- took 4.0 minutes, 30.0 seconds
Dataset=ds1 k=30 cov_type=tied sil=0.6896508208576992
** -> gmm k=30 cov_type=full elapsed seconds 4.363059997558594e-05 <- took less than 1 second
** -> sil gmm k=30 cov_type=full elapsed seconds 308.66916513442993 <- took 5.0 minutes, 8.0 seconds
Dataset=ds1 k=30 cov_type=full sil=0.42198171787653777
** -> gmm k=34 cov_type=spherical elapsed seconds 4.601478576660156e-05 <- took less than 1 second
** -> sil gmm k=34 cov_type=spherical elapsed seconds 299.1509487628937 <- took 4.0 minutes, 59.0 seconds
Dataset=ds1 k=34 cov_type=spherical sil=0.6031177816755448
** -> gmm k=34 cov_type=diag elapsed seconds 5.054473876953125e-05 <- took less than 1 second
** -> sil gmm k=34 cov_type=diag elapsed seconds 250.38259291648865 <- took 4.0 minutes, 10.0 seconds
Dataset=ds1 k=34 cov_type=diag sil=0.4275055366878971
** -> gmm k=34 cov_type=tied elapsed seconds 4.267692565917969e-05 <- took less than 1 second
** -> sil gmm k=34 cov_type=tied elapsed seconds 236.59283447265625 <- took 3.0 minutes, 56.0 seconds
Dataset=ds1 k=34 cov_type=tied sil=0.6966975268894953
** -> gmm k=34 cov_type=full elapsed seconds 4.482269287109375e-05 <- took less than 1 second
** -> sil gmm k=34 cov_type=full elapsed seconds 236.26314854621887 <- took 3.0 minutes, 56.0 seconds
Dataset=ds1 k=34 cov_type=full sil=0.420590257940535
** -> gmm k=38 cov_type=spherical elapsed seconds 4.291534423828125e-05 <- took less than 1 second
** -> sil gmm k=38 cov_type=spherical elapsed seconds 231.74595475196838 <- took 3.0 minutes, 51.0 seconds
Dataset=ds1 k=38 cov_type=spherical sil=0.6144399643868748
** -> gmm k=38 cov_type=diag elapsed seconds 4.3392181396484375e-05 <- took less than 1 second
** -> sil gmm k=38 cov_type=diag elapsed seconds 234.57208609580994 <- took 3.0 minutes, 54.0 seconds
Dataset=ds1 k=38 cov_type=diag sil=0.5042715405767633
** -> gmm k=38 cov_type=tied elapsed seconds 4.410743713378906e-05 <- took less than 1 second
** -> sil gmm k=38 cov_type=tied elapsed seconds 234.28099536895752 <- took 3.0 minutes, 54.0 seconds
Dataset=ds1 k=38 cov_type=tied sil=0.666075123035234
** -> gmm k=38 cov_type=full elapsed seconds 4.553794860839844e-05 <- took less than 1 second
** -> sil gmm k=38 cov_type=full elapsed seconds 231.6598789691925 <- took 3.0 minutes, 51.0 seconds
Dataset=ds1 k=38 cov_type=full sil=0.4981669590548667
** -> gmm k=42 cov_type=spherical elapsed seconds 4.744529724121094e-05 <- took less than 1 second
** -> sil gmm k=42 cov_type=spherical elapsed seconds 262.75159335136414 <- took 4.0 minutes, 22.0 seconds
Dataset=ds1 k=42 cov_type=spherical sil=0.6134524647313984
** -> gmm k=42 cov_type=diag elapsed seconds 3.3855438232421875e-05 <- took less than 1 second
** -> sil gmm k=42 cov_type=diag elapsed seconds 230.33572363853455 <- took 3.0 minutes, 50.0 seconds
Dataset=ds1 k=42 cov_type=diag sil=0.5119903882318813
** -> gmm k=42 cov_type=tied elapsed seconds 4.029273986816406e-05 <- took less than 1 second
** -> sil gmm k=42 cov_type=tied elapsed seconds 230.22565174102783 <- took 3.0 minutes, 50.0 seconds
Dataset=ds1 k=42 cov_type=tied sil=0.6910274322970631
** -> gmm k=42 cov_type=full elapsed seconds 4.482269287109375e-05 <- took less than 1 second
** -> sil gmm k=42 cov_type=full elapsed seconds 235.47288346290588 <- took 3.0 minutes, 55.0 seconds
Dataset=ds1 k=42 cov_type=full sil=0.5056549937194907
** -> gmm k=46 cov_type=spherical elapsed seconds 4.76837158203125e-05 <- took less than 1 second
** -> sil gmm k=46 cov_type=spherical elapsed seconds 263.0160539150238 <- took 4.0 minutes, 23.0 seconds
Dataset=ds1 k=46 cov_type=spherical sil=0.618611885020149
** -> gmm k=46 cov_type=diag elapsed seconds 4.3392181396484375e-05 <- took less than 1 second
** -> sil gmm k=46 cov_type=diag elapsed seconds 252.4928262233734 <- took 4.0 minutes, 12.0 seconds
Dataset=ds1 k=46 cov_type=diag sil=0.49665240315718745
** -> gmm k=46 cov_type=tied elapsed seconds 4.649162292480469e-05 <- took less than 1 second
** -> sil gmm k=46 cov_type=tied elapsed seconds 249.5538833141327 <- took 4.0 minutes, 9.0 seconds
Dataset=ds1 k=46 cov_type=tied sil=0.7069143177025516
** -> gmm k=46 cov_type=full elapsed seconds 4.482269287109375e-05 <- took less than 1 second
** -> sil gmm k=46 cov_type=full elapsed seconds 283.0958960056305 <- took 4.0 minutes, 43.0 seconds
Dataset=ds1 k=46 cov_type=full sil=0.5131118950942569
** -> gmm k=50 cov_type=spherical elapsed seconds 4.029273986816406e-05 <- took less than 1 second
** -> sil gmm k=50 cov_type=spherical elapsed seconds 260.3537018299103 <- took 4.0 minutes, 20.0 seconds
Dataset=ds1 k=50 cov_type=spherical sil=0.6365564531634273
** -> gmm k=50 cov_type=diag elapsed seconds 3.170967102050781e-05 <- took less than 1 second
** -> sil gmm k=50 cov_type=diag elapsed seconds 270.7426700592041 <- took 4.0 minutes, 30.0 seconds
Dataset=ds1 k=50 cov_type=diag sil=0.5074380084500498
** -> gmm k=50 cov_type=tied elapsed seconds 3.790855407714844e-05 <- took less than 1 second
** -> sil gmm k=50 cov_type=tied elapsed seconds 278.8201332092285 <- took 4.0 minutes, 38.0 seconds
Dataset=ds1 k=50 cov_type=tied sil=0.7080710388003859
** -> gmm k=50 cov_type=full elapsed seconds 4.315376281738281e-05 <- took less than 1 second
** -> sil gmm k=50 cov_type=full elapsed seconds 281.8661584854126 <- took 4.0 minutes, 41.0 seconds
Dataset=ds1 k=50 cov_type=full sil=0.5083059106469597
** -> gmm k=54 cov_type=spherical elapsed seconds 4.410743713378906e-05 <- took less than 1 second
** -> sil gmm k=54 cov_type=spherical elapsed seconds 271.3268723487854 <- took 4.0 minutes, 31.0 seconds
Dataset=ds1 k=54 cov_type=spherical sil=0.6551884689308208
** -> gmm k=54 cov_type=diag elapsed seconds 4.076957702636719e-05 <- took less than 1 second
** -> sil gmm k=54 cov_type=diag elapsed seconds 280.4472563266754 <- took 4.0 minutes, 40.0 seconds
Dataset=ds1 k=54 cov_type=diag sil=0.567394462843287
** -> gmm k=54 cov_type=tied elapsed seconds 3.147125244140625e-05 <- took less than 1 second
** -> sil gmm k=54 cov_type=tied elapsed seconds 257.1061065196991 <- took 4.0 minutes, 17.0 seconds
Dataset=ds1 k=54 cov_type=tied sil=0.7110331983558434
** -> gmm k=54 cov_type=full elapsed seconds 4.076957702636719e-05 <- took less than 1 second
** -> sil gmm k=54 cov_type=full elapsed seconds 279.4225835800171 <- took 4.0 minutes, 39.0 seconds
Dataset=ds1 k=54 cov_type=full sil=0.5640792288488617
** -> gmm k=58 cov_type=spherical elapsed seconds 3.2901763916015625e-05 <- took less than 1 second
** -> sil gmm k=58 cov_type=spherical elapsed seconds 269.39658212661743 <- took 4.0 minutes, 29.0 seconds
Dataset=ds1 k=58 cov_type=spherical sil=0.6436590759586154
** -> gmm k=58 cov_type=diag elapsed seconds 3.910064697265625e-05 <- took less than 1 second
** -> sil gmm k=58 cov_type=diag elapsed seconds 287.59505796432495 <- took 4.0 minutes, 47.0 seconds
Dataset=ds1 k=58 cov_type=diag sil=0.6316809197292645
** -> gmm k=58 cov_type=tied elapsed seconds 3.2901763916015625e-05 <- took less than 1 second
** -> sil gmm k=58 cov_type=tied elapsed seconds 276.93666982650757 <- took 4.0 minutes, 36.0 seconds
Dataset=ds1 k=58 cov_type=tied sil=0.7068851093390218
** -> gmm k=58 cov_type=full elapsed seconds 2.765655517578125e-05 <- took less than 1 second
** -> sil gmm k=58 cov_type=full elapsed seconds 238.30770826339722 <- took 3.0 minutes, 58.0 seconds
Dataset=ds1 k=58 cov_type=full sil=0.6086430706868314
** -> gmm k=62 cov_type=spherical elapsed seconds 2.288818359375e-05 <- took less than 1 second
** -> sil gmm k=62 cov_type=spherical elapsed seconds 239.55492758750916 <- took 3.0 minutes, 59.0 seconds
Dataset=ds1 k=62 cov_type=spherical sil=0.6484438632178013
** -> gmm k=62 cov_type=diag elapsed seconds 2.574920654296875e-05 <- took less than 1 second
** -> sil gmm k=62 cov_type=diag elapsed seconds 260.8322846889496 <- took 4.0 minutes, 20.0 seconds
Dataset=ds1 k=62 cov_type=diag sil=0.6350301575707994
** -> gmm k=62 cov_type=tied elapsed seconds 4.100799560546875e-05 <- took less than 1 second
** -> sil gmm k=62 cov_type=tied elapsed seconds 278.7492949962616 <- took 4.0 minutes, 38.0 seconds
Dataset=ds1 k=62 cov_type=tied sil=0.6882365387710875
** -> gmm k=62 cov_type=full elapsed seconds 0.0003311634063720703 <- took less than 1 second
** -> sil gmm k=62 cov_type=full elapsed seconds 258.954345703125 <- took 4.0 minutes, 18.0 seconds
Dataset=ds1 k=62 cov_type=full sil=0.6355454050223154
** -> gmm k=66 cov_type=spherical elapsed seconds 4.410743713378906e-05 <- took less than 1 second/nfs/pdx/disks/icf_env_disk001/bjbarcla/gwa/issues/ml/mlai/lib/python3.6/site-packages/sklearn/ensemble/weight_boosting.py:29: DeprecationWarning: numpy.core.umath_tests is an internal NumPy module and should not be imported. It will be removed in a future NumPy release.
  from numpy.core.umath_tests import inner1d

** -> sil gmm k=66 cov_type=spherical elapsed seconds 265.3831033706665 <- took 4.0 minutes, 25.0 seconds
Dataset=ds1 k=66 cov_type=spherical sil=0.6664780893356442
** -> gmm k=66 cov_type=diag elapsed seconds 4.220008850097656e-05 <- took less than 1 second
** -> sil gmm k=66 cov_type=diag elapsed seconds 281.6423635482788 <- took 4.0 minutes, 41.0 seconds
Dataset=ds1 k=66 cov_type=diag sil=0.6020449824002894
** -> gmm k=66 cov_type=tied elapsed seconds 4.3392181396484375e-05 <- took less than 1 second
** -> sil gmm k=66 cov_type=tied elapsed seconds 276.37496304512024 <- took 4.0 minutes, 36.0 seconds
Dataset=ds1 k=66 cov_type=tied sil=0.6760959959559004
** -> gmm k=66 cov_type=full elapsed seconds 4.1961669921875e-05 <- took less than 1 second
** -> sil gmm k=66 cov_type=full elapsed seconds 248.92848825454712 <- took 4.0 minutes, 8.0 seconds
Dataset=ds1 k=66 cov_type=full sil=0.6181806934461233
** -> gmm k=70 cov_type=spherical elapsed seconds 4.6253204345703125e-05 <- took less than 1 second
** -> sil gmm k=70 cov_type=spherical elapsed seconds 281.79622292518616 <- took 4.0 minutes, 41.0 seconds
Dataset=ds1 k=70 cov_type=spherical sil=0.6634110794901316
** -> gmm k=70 cov_type=diag elapsed seconds 3.147125244140625e-05 <- took less than 1 second
** -> sil gmm k=70 cov_type=diag elapsed seconds 283.3810029029846 <- took 4.0 minutes, 43.0 seconds
Dataset=ds1 k=70 cov_type=diag sil=0.6145716469611409
** -> gmm k=70 cov_type=tied elapsed seconds 4.315376281738281e-05 <- took less than 1 second
** -> sil gmm k=70 cov_type=tied elapsed seconds 274.3275156021118 <- took 4.0 minutes, 34.0 seconds
Dataset=ds1 k=70 cov_type=tied sil=0.6534915148695453
** -> gmm k=70 cov_type=full elapsed seconds 3.7670135498046875e-05 <- took less than 1 second
** -> sil gmm k=70 cov_type=full elapsed seconds 259.484343290329 <- took 4.0 minutes, 19.0 seconds
Dataset=ds1 k=70 cov_type=full sil=0.630146650075885
** -> gmm k=74 cov_type=spherical elapsed seconds 4.172325134277344e-05 <- took less than 1 second
** -> sil gmm k=74 cov_type=spherical elapsed seconds 289.5727069377899 <- took 4.0 minutes, 49.0 seconds
Dataset=ds1 k=74 cov_type=spherical sil=0.6683158912936624
** -> gmm k=74 cov_type=diag elapsed seconds 4.220008850097656e-05 <- took less than 1 second
** -> sil gmm k=74 cov_type=diag elapsed seconds 258.94665718078613 <- took 4.0 minutes, 18.0 seconds
Dataset=ds1 k=74 cov_type=diag sil=0.6301980673843213
** -> gmm k=74 cov_type=tied elapsed seconds 2.8133392333984375e-05 <- took less than 1 second
** -> sil gmm k=74 cov_type=tied elapsed seconds 295.78448724746704 <- took 4.0 minutes, 55.0 seconds
Dataset=ds1 k=74 cov_type=tied sil=0.6366771905875135
** -> gmm k=74 cov_type=full elapsed seconds 4.172325134277344e-05 <- took less than 1 second
** -> sil gmm k=74 cov_type=full elapsed seconds 242.54506826400757 <- took 4.0 minutes, 2.0 seconds
Dataset=ds1 k=74 cov_type=full sil=0.6456606240749424
** -> gmm k=78 cov_type=spherical elapsed seconds 4.291534423828125e-05 <- took less than 1 second
** -> sil gmm k=78 cov_type=spherical elapsed seconds 264.8710467815399 <- took 4.0 minutes, 24.0 seconds
Dataset=ds1 k=78 cov_type=spherical sil=0.6733187092018336
** -> gmm k=78 cov_type=diag elapsed seconds 4.315376281738281e-05 <- took less than 1 second
** -> sil gmm k=78 cov_type=diag elapsed seconds 249.2486162185669 <- took 4.0 minutes, 9.0 seconds
Dataset=ds1 k=78 cov_type=diag sil=0.6379314543704667
** -> gmm k=78 cov_type=tied elapsed seconds 4.482269287109375e-05 <- took less than 1 second
** -> sil gmm k=78 cov_type=tied elapsed seconds 284.04739570617676 <- took 4.0 minutes, 44.0 seconds
Dataset=ds1 k=78 cov_type=tied sil=0.6453085168826893
** -> gmm k=78 cov_type=full elapsed seconds 4.1484832763671875e-05 <- took less than 1 second
** -> sil gmm k=78 cov_type=full elapsed seconds 261.6763744354248 <- took 4.0 minutes, 21.0 seconds
Dataset=ds1 k=78 cov_type=full sil=0.6535064574852107
** -> gmm k=82 cov_type=spherical elapsed seconds 4.124641418457031e-05 <- took less than 1 second
** -> sil gmm k=82 cov_type=spherical elapsed seconds 285.04416394233704 <- took 4.0 minutes, 45.0 seconds
Dataset=ds1 k=82 cov_type=spherical sil=0.6751028254996142
** -> gmm k=82 cov_type=diag elapsed seconds 3.24249267578125e-05 <- took less than 1 second
** -> sil gmm k=82 cov_type=diag elapsed seconds 278.16995644569397 <- took 4.0 minutes, 38.0 seconds
Dataset=ds1 k=82 cov_type=diag sil=0.6554682031049883
** -> gmm k=82 cov_type=tied elapsed seconds 2.7179718017578125e-05 <- took less than 1 second
** -> sil gmm k=82 cov_type=tied elapsed seconds 290.4477508068085 <- took 4.0 minutes, 50.0 seconds
Dataset=ds1 k=82 cov_type=tied sil=0.6538511154513971
** -> gmm k=82 cov_type=full elapsed seconds 4.00543212890625e-05 <- took less than 1 second
** -> sil gmm k=82 cov_type=full elapsed seconds 259.46427965164185 <- took 4.0 minutes, 19.0 seconds
Dataset=ds1 k=82 cov_type=full sil=0.6542508563578685
+-----------------------------------------------------------------------------+
| Exit Status    : 0                                                          |
| Finishing time : Sun Nov  4 13:33:40 2018                                   |
| CPU time       : Usr 28821.485s Sys 16404.333s WC  6h:33m:19s                     |
| Rusage Stats   : Mem:87343  PF:  1824925492CSv/f:  0/0     Swaps:0          |
|                :           Msg:    0/0     IOops:  0/0     Sigs :0          |
+-----------------------------------------------------------------------------+
