+-----------------------------------------------------------------------------+
| Logfile        : gmm-sweepk-ds1-rp-10-sil.log                               |
| Job id         : 5091306419                 Class: SLES11SP4&&8C&&32G Qslot: /icf/fdk/pdx_critical_vp/bench3|
| Executed on    : plxcj7029                  Pool : pdx_misc                 |
| Queueing time  : Sun Nov  4 07:00:23 2018                                   |
| Starting time  : Sun Nov  4 07:00:29 2018          Qwait:   0h:00m:06s      |
| Command        : part3.py -a gmm-sweepk --ncomp 10 -s ds1 --reducer rp      |
+-----------------------------------------------------------------------------+
Read /nfs/pdx/disks/icf_env_disk001/bjbarcla/gwa/issues/ml/class/proj3/datasets/ds1/dimreducer-rp-10.pkl
** -> gmm k=2 cov_type=spherical elapsed seconds 2.0742416381835938e-05 <- took less than 1 second
** -> sil gmm k=2 cov_type=spherical elapsed seconds 214.38755631446838 <- took 3.0 minutes, 34.0 seconds
Dataset=ds1 k=2 cov_type=spherical sil=0.3253253392440015
** -> gmm k=2 cov_type=diag elapsed seconds 2.2411346435546875e-05 <- took less than 1 second
** -> sil gmm k=2 cov_type=diag elapsed seconds 205.97373223304749 <- took 3.0 minutes, 25.0 seconds
Dataset=ds1 k=2 cov_type=diag sil=0.4030002100854629
** -> gmm k=2 cov_type=tied elapsed seconds 2.47955322265625e-05 <- took less than 1 second
** -> sil gmm k=2 cov_type=tied elapsed seconds 205.99325561523438 <- took 3.0 minutes, 25.0 seconds
Dataset=ds1 k=2 cov_type=tied sil=0.39830834759899636
** -> gmm k=2 cov_type=full elapsed seconds 2.574920654296875e-05 <- took less than 1 second
** -> sil gmm k=2 cov_type=full elapsed seconds 203.32764863967896 <- took 3.0 minutes, 23.0 seconds
Dataset=ds1 k=2 cov_type=full sil=0.397467442957957
** -> gmm k=6 cov_type=spherical elapsed seconds 2.5033950805664062e-05 <- took less than 1 second
** -> sil gmm k=6 cov_type=spherical elapsed seconds 205.81831288337708 <- took 3.0 minutes, 25.0 seconds
Dataset=ds1 k=6 cov_type=spherical sil=0.22059649978790916
** -> gmm k=6 cov_type=diag elapsed seconds 2.47955322265625e-05 <- took less than 1 second
** -> sil gmm k=6 cov_type=diag elapsed seconds 207.84570479393005 <- took 3.0 minutes, 27.0 seconds
Dataset=ds1 k=6 cov_type=diag sil=0.31057095167572246
** -> gmm k=6 cov_type=tied elapsed seconds 2.6226043701171875e-05 <- took less than 1 second
** -> sil gmm k=6 cov_type=tied elapsed seconds 207.41090750694275 <- took 3.0 minutes, 27.0 seconds
Dataset=ds1 k=6 cov_type=tied sil=0.3182936146143024
** -> gmm k=6 cov_type=full elapsed seconds 2.5510787963867188e-05 <- took less than 1 second
** -> sil gmm k=6 cov_type=full elapsed seconds 207.7151324748993 <- took 3.0 minutes, 27.0 seconds
Dataset=ds1 k=6 cov_type=full sil=0.33369323461521433
** -> gmm k=10 cov_type=spherical elapsed seconds 2.574920654296875e-05 <- took less than 1 second
** -> sil gmm k=10 cov_type=spherical elapsed seconds 210.3921935558319 <- took 3.0 minutes, 30.0 seconds
Dataset=ds1 k=10 cov_type=spherical sil=0.4154115338834904
** -> gmm k=10 cov_type=diag elapsed seconds 2.4557113647460938e-05 <- took less than 1 second
** -> sil gmm k=10 cov_type=diag elapsed seconds 209.97357845306396 <- took 3.0 minutes, 29.0 seconds
Dataset=ds1 k=10 cov_type=diag sil=0.3669921537214184
** -> gmm k=10 cov_type=tied elapsed seconds 2.574920654296875e-05 <- took less than 1 second
** -> sil gmm k=10 cov_type=tied elapsed seconds 209.59441590309143 <- took 3.0 minutes, 29.0 seconds
Dataset=ds1 k=10 cov_type=tied sil=0.43998665655608876
** -> gmm k=10 cov_type=full elapsed seconds 2.574920654296875e-05 <- took less than 1 second
** -> sil gmm k=10 cov_type=full elapsed seconds 207.4093267917633 <- took 3.0 minutes, 27.0 seconds
Dataset=ds1 k=10 cov_type=full sil=0.3746940236564349
** -> gmm k=14 cov_type=spherical elapsed seconds 2.5510787963867188e-05 <- took less than 1 second
** -> sil gmm k=14 cov_type=spherical elapsed seconds 211.49872875213623 <- took 3.0 minutes, 31.0 seconds
Dataset=ds1 k=14 cov_type=spherical sil=0.395425206510039
** -> gmm k=14 cov_type=diag elapsed seconds 2.47955322265625e-05 <- took less than 1 second
** -> sil gmm k=14 cov_type=diag elapsed seconds 209.53938126564026 <- took 3.0 minutes, 29.0 seconds
Dataset=ds1 k=14 cov_type=diag sil=0.37390931954312523
** -> gmm k=14 cov_type=tied elapsed seconds 2.6464462280273438e-05 <- took less than 1 second
** -> sil gmm k=14 cov_type=tied elapsed seconds 211.17545461654663 <- took 3.0 minutes, 31.0 seconds
Dataset=ds1 k=14 cov_type=tied sil=0.48712804291022005
** -> gmm k=14 cov_type=full elapsed seconds 2.6941299438476562e-05 <- took less than 1 second
** -> sil gmm k=14 cov_type=full elapsed seconds 209.09366059303284 <- took 3.0 minutes, 29.0 seconds
Dataset=ds1 k=14 cov_type=full sil=0.4878697935020561
** -> gmm k=18 cov_type=spherical elapsed seconds 2.5272369384765625e-05 <- took less than 1 second
** -> sil gmm k=18 cov_type=spherical elapsed seconds 207.54230523109436 <- took 3.0 minutes, 27.0 seconds
Dataset=ds1 k=18 cov_type=spherical sil=0.40170165382343753
** -> gmm k=18 cov_type=diag elapsed seconds 2.5033950805664062e-05 <- took less than 1 second
** -> sil gmm k=18 cov_type=diag elapsed seconds 209.0821840763092 <- took 3.0 minutes, 29.0 seconds
Dataset=ds1 k=18 cov_type=diag sil=0.38831320013710546
** -> gmm k=18 cov_type=tied elapsed seconds 2.2649765014648438e-05 <- took less than 1 second
** -> sil gmm k=18 cov_type=tied elapsed seconds 209.26709246635437 <- took 3.0 minutes, 29.0 seconds
Dataset=ds1 k=18 cov_type=tied sil=0.4993155813234185
** -> gmm k=18 cov_type=full elapsed seconds 2.6464462280273438e-05 <- took less than 1 second
** -> sil gmm k=18 cov_type=full elapsed seconds 210.51034665107727 <- took 3.0 minutes, 30.0 seconds
Dataset=ds1 k=18 cov_type=full sil=0.5075429147985531
** -> gmm k=22 cov_type=spherical elapsed seconds 2.6941299438476562e-05 <- took less than 1 second
** -> sil gmm k=22 cov_type=spherical elapsed seconds 208.01491975784302 <- took 3.0 minutes, 28.0 seconds
Dataset=ds1 k=22 cov_type=spherical sil=0.4197735276979291
** -> gmm k=22 cov_type=diag elapsed seconds 2.574920654296875e-05 <- took less than 1 second
** -> sil gmm k=22 cov_type=diag elapsed seconds 207.91282773017883 <- took 3.0 minutes, 27.0 seconds
Dataset=ds1 k=22 cov_type=diag sil=0.43053328048647854
** -> gmm k=22 cov_type=tied elapsed seconds 2.3126602172851562e-05 <- took less than 1 second
** -> sil gmm k=22 cov_type=tied elapsed seconds 208.85424327850342 <- took 3.0 minutes, 28.0 seconds
Dataset=ds1 k=22 cov_type=tied sil=0.5716022177884984
** -> gmm k=22 cov_type=full elapsed seconds 2.574920654296875e-05 <- took less than 1 second
** -> sil gmm k=22 cov_type=full elapsed seconds 206.8628752231598 <- took 3.0 minutes, 26.0 seconds
Dataset=ds1 k=22 cov_type=full sil=0.5673267305987475
** -> gmm k=26 cov_type=spherical elapsed seconds 2.5272369384765625e-05 <- took less than 1 second
** -> sil gmm k=26 cov_type=spherical elapsed seconds 204.2132179737091 <- took 3.0 minutes, 24.0 seconds
Dataset=ds1 k=26 cov_type=spherical sil=0.4164959682197727
** -> gmm k=26 cov_type=diag elapsed seconds 2.5987625122070312e-05 <- took less than 1 second
** -> sil gmm k=26 cov_type=diag elapsed seconds 204.71197938919067 <- took 3.0 minutes, 24.0 seconds
Dataset=ds1 k=26 cov_type=diag sil=0.4913822060302716
** -> gmm k=26 cov_type=tied elapsed seconds 2.4318695068359375e-05 <- took less than 1 second
** -> sil gmm k=26 cov_type=tied elapsed seconds 206.2867112159729 <- took 3.0 minutes, 26.0 seconds
Dataset=ds1 k=26 cov_type=tied sil=0.5883515675593638
** -> gmm k=26 cov_type=full elapsed seconds 2.2411346435546875e-05 <- took less than 1 second
** -> sil gmm k=26 cov_type=full elapsed seconds 204.52784180641174 <- took 3.0 minutes, 24.0 seconds
Dataset=ds1 k=26 cov_type=full sil=0.5834891883892493
** -> gmm k=30 cov_type=spherical elapsed seconds 2.5272369384765625e-05 <- took less than 1 second
** -> sil gmm k=30 cov_type=spherical elapsed seconds 204.1546347141266 <- took 3.0 minutes, 24.0 seconds
Dataset=ds1 k=30 cov_type=spherical sil=0.4709830696870446
** -> gmm k=30 cov_type=diag elapsed seconds 2.5987625122070312e-05 <- took less than 1 second
** -> sil gmm k=30 cov_type=diag elapsed seconds 202.86460995674133 <- took 3.0 minutes, 22.0 seconds
Dataset=ds1 k=30 cov_type=diag sil=0.49562576639940786
** -> gmm k=30 cov_type=tied elapsed seconds 2.574920654296875e-05 <- took less than 1 second
** -> sil gmm k=30 cov_type=tied elapsed seconds 204.35780668258667 <- took 3.0 minutes, 24.0 seconds
Dataset=ds1 k=30 cov_type=tied sil=0.6019501392374813
** -> gmm k=30 cov_type=full elapsed seconds 2.5987625122070312e-05 <- took less than 1 second
** -> sil gmm k=30 cov_type=full elapsed seconds 203.17481589317322 <- took 3.0 minutes, 23.0 seconds
Dataset=ds1 k=30 cov_type=full sil=0.5174126957885952
** -> gmm k=34 cov_type=spherical elapsed seconds 2.5987625122070312e-05 <- took less than 1 second
** -> sil gmm k=34 cov_type=spherical elapsed seconds 202.76873207092285 <- took 3.0 minutes, 22.0 seconds
Dataset=ds1 k=34 cov_type=spherical sil=0.4602304497744133
** -> gmm k=34 cov_type=diag elapsed seconds 2.3126602172851562e-05 <- took less than 1 second
** -> sil gmm k=34 cov_type=diag elapsed seconds 202.71216869354248 <- took 3.0 minutes, 22.0 seconds
Dataset=ds1 k=34 cov_type=diag sil=0.4701453270188706
** -> gmm k=34 cov_type=tied elapsed seconds 2.3365020751953125e-05 <- took less than 1 second
** -> sil gmm k=34 cov_type=tied elapsed seconds 207.05105996131897 <- took 3.0 minutes, 27.0 seconds
Dataset=ds1 k=34 cov_type=tied sil=0.6067364759588812
** -> gmm k=34 cov_type=full elapsed seconds 2.6941299438476562e-05 <- took less than 1 second
** -> sil gmm k=34 cov_type=full elapsed seconds 204.20783066749573 <- took 3.0 minutes, 24.0 seconds
Dataset=ds1 k=34 cov_type=full sil=0.5207350287878164
** -> gmm k=38 cov_type=spherical elapsed seconds 2.574920654296875e-05 <- took less than 1 second
** -> sil gmm k=38 cov_type=spherical elapsed seconds 198.20628356933594 <- took 3.0 minutes, 18.0 seconds
Dataset=ds1 k=38 cov_type=spherical sil=0.4447733248540454
** -> gmm k=38 cov_type=diag elapsed seconds 2.5033950805664062e-05 <- took less than 1 second
** -> sil gmm k=38 cov_type=diag elapsed seconds 200.97615003585815 <- took 3.0 minutes, 20.0 seconds
Dataset=ds1 k=38 cov_type=diag sil=0.3764823013895094
** -> gmm k=38 cov_type=tied elapsed seconds 2.4557113647460938e-05 <- took less than 1 second
** -> sil gmm k=38 cov_type=tied elapsed seconds 203.24871921539307 <- took 3.0 minutes, 23.0 seconds
Dataset=ds1 k=38 cov_type=tied sil=0.5967575202499248
** -> gmm k=38 cov_type=full elapsed seconds 2.6941299438476562e-05 <- took less than 1 second
** -> sil gmm k=38 cov_type=full elapsed seconds 202.65177130699158 <- took 3.0 minutes, 22.0 seconds
Dataset=ds1 k=38 cov_type=full sil=0.5359754143548776
** -> gmm k=42 cov_type=spherical elapsed seconds 2.5510787963867188e-05 <- took less than 1 second
** -> sil gmm k=42 cov_type=spherical elapsed seconds 199.18437814712524 <- took 3.0 minutes, 19.0 seconds
Dataset=ds1 k=42 cov_type=spherical sil=0.43802622939581487
** -> gmm k=42 cov_type=diag elapsed seconds 2.4557113647460938e-05 <- took less than 1 second
** -> sil gmm k=42 cov_type=diag elapsed seconds 199.61858463287354 <- took 3.0 minutes, 19.0 seconds
Dataset=ds1 k=42 cov_type=diag sil=0.3751495114635742
** -> gmm k=42 cov_type=tied elapsed seconds 2.1696090698242188e-05 <- took less than 1 second
** -> sil gmm k=42 cov_type=tied elapsed seconds 204.28186225891113 <- took 3.0 minutes, 24.0 seconds
Dataset=ds1 k=42 cov_type=tied sil=0.6043436297578
** -> gmm k=42 cov_type=full elapsed seconds 2.6226043701171875e-05 <- took less than 1 second
** -> sil gmm k=42 cov_type=full elapsed seconds 201.61996698379517 <- took 3.0 minutes, 21.0 seconds
Dataset=ds1 k=42 cov_type=full sil=0.5364693718237955
** -> gmm k=46 cov_type=spherical elapsed seconds 2.5987625122070312e-05 <- took less than 1 second
** -> sil gmm k=46 cov_type=spherical elapsed seconds 198.38378143310547 <- took 3.0 minutes, 18.0 seconds
Dataset=ds1 k=46 cov_type=spherical sil=0.4159531610230827
** -> gmm k=46 cov_type=diag elapsed seconds 2.5272369384765625e-05 <- took less than 1 second
** -> sil gmm k=46 cov_type=diag elapsed seconds 201.46640849113464 <- took 3.0 minutes, 21.0 seconds
Dataset=ds1 k=46 cov_type=diag sil=0.3699594471001591
** -> gmm k=46 cov_type=tied elapsed seconds 2.5033950805664062e-05 <- took less than 1 second
** -> sil gmm k=46 cov_type=tied elapsed seconds 201.87029576301575 <- took 3.0 minutes, 21.0 seconds
Dataset=ds1 k=46 cov_type=tied sil=0.6099468523087392
** -> gmm k=46 cov_type=full elapsed seconds 2.47955322265625e-05 <- took less than 1 second
** -> sil gmm k=46 cov_type=full elapsed seconds 202.00831604003906 <- took 3.0 minutes, 22.0 seconds
Dataset=ds1 k=46 cov_type=full sil=0.5113618169213412
** -> gmm k=50 cov_type=spherical elapsed seconds 2.5987625122070312e-05 <- took less than 1 second
** -> sil gmm k=50 cov_type=spherical elapsed seconds 198.31923532485962 <- took 3.0 minutes, 18.0 seconds
Dataset=ds1 k=50 cov_type=spherical sil=0.45158216941986745
** -> gmm k=50 cov_type=diag elapsed seconds 2.5510787963867188e-05 <- took less than 1 second
** -> sil gmm k=50 cov_type=diag elapsed seconds 198.3047387599945 <- took 3.0 minutes, 18.0 seconds
Dataset=ds1 k=50 cov_type=diag sil=0.29190774013439796
** -> gmm k=50 cov_type=tied elapsed seconds 2.5272369384765625e-05 <- took less than 1 second
** -> sil gmm k=50 cov_type=tied elapsed seconds 202.47507429122925 <- took 3.0 minutes, 22.0 seconds
Dataset=ds1 k=50 cov_type=tied sil=0.6146288047537175
** -> gmm k=50 cov_type=full elapsed seconds 2.3603439331054688e-05 <- took less than 1 second
** -> sil gmm k=50 cov_type=full elapsed seconds 202.8602738380432 <- took 3.0 minutes, 22.0 seconds
Dataset=ds1 k=50 cov_type=full sil=0.5187955970047319
** -> gmm k=54 cov_type=spherical elapsed seconds 2.3126602172851562e-05 <- took less than 1 second
** -> sil gmm k=54 cov_type=spherical elapsed seconds 195.7144057750702 <- took 3.0 minutes, 15.0 seconds
Dataset=ds1 k=54 cov_type=spherical sil=0.4524964600691233
** -> gmm k=54 cov_type=diag elapsed seconds 2.5510787963867188e-05 <- took less than 1 second
** -> sil gmm k=54 cov_type=diag elapsed seconds 198.3338840007782 <- took 3.0 minutes, 18.0 seconds
Dataset=ds1 k=54 cov_type=diag sil=0.23371011378108858
** -> gmm k=54 cov_type=tied elapsed seconds 2.4318695068359375e-05 <- took less than 1 second
** -> sil gmm k=54 cov_type=tied elapsed seconds 202.16749095916748 <- took 3.0 minutes, 22.0 seconds
Dataset=ds1 k=54 cov_type=tied sil=0.6059116941981626
** -> gmm k=54 cov_type=full elapsed seconds 2.47955322265625e-05 <- took less than 1 second
** -> sil gmm k=54 cov_type=full elapsed seconds 199.1483178138733 <- took 3.0 minutes, 19.0 seconds
Dataset=ds1 k=54 cov_type=full sil=0.43021524106765935
** -> gmm k=58 cov_type=spherical elapsed seconds 2.6464462280273438e-05 <- took less than 1 second
** -> sil gmm k=58 cov_type=spherical elapsed seconds 196.50682640075684 <- took 3.0 minutes, 16.0 seconds
Dataset=ds1 k=58 cov_type=spherical sil=0.48629250574326055
** -> gmm k=58 cov_type=diag elapsed seconds 2.5033950805664062e-05 <- took less than 1 second
** -> sil gmm k=58 cov_type=diag elapsed seconds 197.4990894794464 <- took 3.0 minutes, 17.0 seconds
Dataset=ds1 k=58 cov_type=diag sil=0.2593920991929461
** -> gmm k=58 cov_type=tied elapsed seconds 2.2172927856445312e-05 <- took less than 1 second
** -> sil gmm k=58 cov_type=tied elapsed seconds 199.50721311569214 <- took 3.0 minutes, 19.0 seconds
Dataset=ds1 k=58 cov_type=tied sil=0.6176614981331147
** -> gmm k=58 cov_type=full elapsed seconds 2.6464462280273438e-05 <- took less than 1 second
** -> sil gmm k=58 cov_type=full elapsed seconds 200.62541604042053 <- took 3.0 minutes, 20.0 seconds
Dataset=ds1 k=58 cov_type=full sil=0.47623270360872794
** -> gmm k=62 cov_type=spherical elapsed seconds 2.574920654296875e-05 <- took less than 1 second
** -> sil gmm k=62 cov_type=spherical elapsed seconds 195.44717645645142 <- took 3.0 minutes, 15.0 seconds
Dataset=ds1 k=62 cov_type=spherical sil=0.47612686821078176
** -> gmm k=62 cov_type=diag elapsed seconds 2.2172927856445312e-05 <- took less than 1 second
** -> sil gmm k=62 cov_type=diag elapsed seconds 197.24677515029907 <- took 3.0 minutes, 17.0 seconds
Dataset=ds1 k=62 cov_type=diag sil=0.26037608340536456
** -> gmm k=62 cov_type=tied elapsed seconds 2.3126602172851562e-05 <- took less than 1 second
** -> sil gmm k=62 cov_type=tied elapsed seconds 201.62781190872192 <- took 3.0 minutes, 21.0 seconds
Dataset=ds1 k=62 cov_type=tied sil=0.6174921410046833
** -> gmm k=62 cov_type=full elapsed seconds 2.9802322387695312e-05 <- took less than 1 second
** -> sil gmm k=62 cov_type=full elapsed seconds 200.9060423374176 <- took 3.0 minutes, 20.0 seconds
Dataset=ds1 k=62 cov_type=full sil=0.47113982895336154
** -> gmm k=66 cov_type=spherical elapsed seconds 2.5272369384765625e-05 <- took less than 1 second
** -> sil gmm k=66 cov_type=spherical elapsed seconds 192.6376507282257 <- took 3.0 minutes, 12.0 seconds
Dataset=ds1 k=66 cov_type=spherical sil=0.462677026141083
** -> gmm k=66 cov_type=diag elapsed seconds 2.5033950805664062e-05 <- took less than 1 second
** -> sil gmm k=66 cov_type=diag elapsed seconds 193.88336038589478 <- took 3.0 minutes, 13.0 seconds
Dataset=ds1 k=66 cov_type=diag sil=0.24252702194002623
** -> gmm k=66 cov_type=tied elapsed seconds 2.7179718017578125e-05 <- took less than 1 second
** -> sil gmm k=66 cov_type=tied elapsed seconds 201.24358654022217 <- took 3.0 minutes, 21.0 seconds
Dataset=ds1 k=66 cov_type=tied sil=0.6180552555621149
** -> gmm k=66 cov_type=full elapsed seconds 2.3126602172851562e-05 <- took less than 1 second
** -> sil gmm k=66 cov_type=full elapsed seconds 198.19690108299255 <- took 3.0 minutes, 18.0 seconds
Dataset=ds1 k=66 cov_type=full sil=0.413151519333697
** -> gmm k=70 cov_type=spherical elapsed seconds 2.6226043701171875e-05 <- took less than 1 second
** -> sil gmm k=70 cov_type=spherical elapsed seconds 191.67736196517944 <- took 3.0 minutes, 11.0 seconds
Dataset=ds1 k=70 cov_type=spherical sil=0.46067783096901793
** -> gmm k=70 cov_type=diag elapsed seconds 2.5272369384765625e-05 <- took less than 1 second
** -> sil gmm k=70 cov_type=diag elapsed seconds 192.78844738006592 <- took 3.0 minutes, 12.0 seconds
Dataset=ds1 k=70 cov_type=diag sil=0.2233645396089814
** -> gmm k=70 cov_type=tied elapsed seconds 2.47955322265625e-05 <- took less than 1 second
** -> sil gmm k=70 cov_type=tied elapsed seconds 202.06105017662048 <- took 3.0 minutes, 22.0 seconds
Dataset=ds1 k=70 cov_type=tied sil=0.6124881654639113
** -> gmm k=70 cov_type=full elapsed seconds 2.6941299438476562e-05 <- took less than 1 second
** -> sil gmm k=70 cov_type=full elapsed seconds 195.38567900657654 <- took 3.0 minutes, 15.0 seconds
Dataset=ds1 k=70 cov_type=full sil=0.40442489777387003
** -> gmm k=74 cov_type=spherical elapsed seconds 2.6702880859375e-05 <- took less than 1 second
** -> sil gmm k=74 cov_type=spherical elapsed seconds 190.1255362033844 <- took 3.0 minutes, 10.0 seconds
Dataset=ds1 k=74 cov_type=spherical sil=0.4384561987182411
** -> gmm k=74 cov_type=diag elapsed seconds 2.4318695068359375e-05 <- took less than 1 second
** -> sil gmm k=74 cov_type=diag elapsed seconds 190.50783038139343 <- took 3.0 minutes, 10.0 seconds
Dataset=ds1 k=74 cov_type=diag sil=0.16222203179193762
** -> gmm k=74 cov_type=tied elapsed seconds 2.5033950805664062e-05 <- took less than 1 second
** -> sil gmm k=74 cov_type=tied elapsed seconds 198.45390605926514 <- took 3.0 minutes, 18.0 seconds
Dataset=ds1 k=74 cov_type=tied sil=0.6087842376021566
** -> gmm k=74 cov_type=full elapsed seconds 2.5510787963867188e-05 <- took less than 1 second
** -> sil gmm k=74 cov_type=full elapsed seconds 196.6885781288147 <- took 3.0 minutes, 16.0 seconds
Dataset=ds1 k=74 cov_type=full sil=0.4111708645445307
** -> gmm k=78 cov_type=spherical elapsed seconds 2.6702880859375e-05 <- took less than 1 second
** -> sil gmm k=78 cov_type=spherical elapsed seconds 188.96844840049744 <- took 3.0 minutes, 8.0 seconds
Dataset=ds1 k=78 cov_type=spherical sil=0.42562309303129353
** -> gmm k=78 cov_type=diag elapsed seconds 2.4318695068359375e-05 <- took less than 1 second
** -> sil gmm k=78 cov_type=diag elapsed seconds 191.9577796459198 <- took 3.0 minutes, 11.0 seconds
Dataset=ds1 k=78 cov_type=diag sil=0.16322740142011832
** -> gmm k=78 cov_type=tied elapsed seconds 2.4318695068359375e-05 <- took less than 1 second
** -> sil gmm k=78 cov_type=tied elapsed seconds 198.6707444190979 <- took 3.0 minutes, 18.0 seconds
Dataset=ds1 k=78 cov_type=tied sil=0.6112443587378767
** -> gmm k=78 cov_type=full elapsed seconds 2.5510787963867188e-05 <- took less than 1 second
** -> sil gmm k=78 cov_type=full elapsed seconds 197.36610221862793 <- took 3.0 minutes, 17.0 seconds
Dataset=ds1 k=78 cov_type=full sil=0.4102744033461379
** -> gmm k=82 cov_type=spherical elapsed seconds 2.6702880859375e-05 <- took less than 1 second
** -> sil gmm k=82 cov_type=sphe/nfs/pdx/disks/icf_env_disk001/bjbarcla/gwa/issues/ml/mlai/lib/python3.6/site-packages/sklearn/ensemble/weight_boosting.py:29: DeprecationWarning: numpy.core.umath_tests is an internal NumPy module and should not be imported. It will be removed in a future NumPy release.
  from numpy.core.umath_tests import inner1d
rical elapsed seconds 188.65200209617615 <- took 3.0 minutes, 8.0 seconds
Dataset=ds1 k=82 cov_type=spherical sil=0.413688020679204
** -> gmm k=82 cov_type=diag elapsed seconds 2.5987625122070312e-05 <- took less than 1 second
** -> sil gmm k=82 cov_type=diag elapsed seconds 189.4349434375763 <- took 3.0 minutes, 9.0 seconds
Dataset=ds1 k=82 cov_type=diag sil=0.17340616823638297
** -> gmm k=82 cov_type=tied elapsed seconds 2.574920654296875e-05 <- took less than 1 second
** -> sil gmm k=82 cov_type=tied elapsed seconds 197.9369740486145 <- took 3.0 minutes, 17.0 seconds
Dataset=ds1 k=82 cov_type=tied sil=0.6033157966637614
** -> gmm k=82 cov_type=full elapsed seconds 2.4318695068359375e-05 <- took less than 1 second
** -> sil gmm k=82 cov_type=full elapsed seconds 197.9034285545349 <- took 3.0 minutes, 17.0 seconds
Dataset=ds1 k=82 cov_type=full sil=0.41767839166762943
+-----------------------------------------------------------------------------+
| Exit Status    : 0                                                          |
| Finishing time : Sun Nov  4 12:01:47 2018                                   |
| CPU time       : Usr 16878.29s Sys 8055.095s WC  5h:01m:18s                     |
| Rusage Stats   : Mem:72843  PF:  1825091863CSv/f:  0/0     Swaps:0          |
|                :           Msg:    0/0     IOops:  0/0     Sigs :0          |
+-----------------------------------------------------------------------------+
