+-----------------------------------------------------------------------------+
| Logfile        : gmm-sweepk-ds1-pca-5-sil.log                               |
| Job id         : 5091042526                 Class: SLES11SP4&&8C&&32G Qslot: /icf/fdk/pdx_critical_vp/bench1|
| Executed on    : plxcm4007                  Pool : pdx_misc                 |
| Queueing time  : Sun Nov  4 04:12:54 2018                                   |
| Starting time  : Sun Nov  4 04:12:55 2018          Qwait:   0h:00m:01s      |
| Command        : part3.py -a gmm-sweepk --ncomp 5 -s ds1 --reducer pca      |
+-----------------------------------------------------------------------------+
** -> pca projection calculation for ds1, k=5 elapsed seconds 0.6603493690490723 <- took less than 1 second
Wrote /nfs/pdx/disks/icf_env_disk001/bjbarcla/gwa/issues/ml/class/proj3/datasets/ds1/dimreducer-pca-5.pkl
** -> gmm k=2 cov_type=spherical elapsed seconds 3.0279159545898438e-05 <- took less than 1 second
** -> sil gmm k=2 cov_type=spherical elapsed seconds 263.0344684123993 <- took 4.0 minutes, 23.0 seconds
Dataset=ds1 k=2 cov_type=spherical sil=0.18327836710296358
** -> gmm k=2 cov_type=diag elapsed seconds 3.3855438232421875e-05 <- took less than 1 second
** -> sil gmm k=2 cov_type=diag elapsed seconds 253.6156153678894 <- took 4.0 minutes, 13.0 seconds
Dataset=ds1 k=2 cov_type=diag sil=0.19099863841740067
** -> gmm k=2 cov_type=tied elapsed seconds 4.458427429199219e-05 <- took less than 1 second
** -> sil gmm k=2 cov_type=tied elapsed seconds 228.04366254806519 <- took 3.0 minutes, 48.0 seconds
Dataset=ds1 k=2 cov_type=tied sil=0.2510851457809678
** -> gmm k=2 cov_type=full elapsed seconds 4.4345855712890625e-05 <- took less than 1 second
** -> sil gmm k=2 cov_type=full elapsed seconds 231.7046618461609 <- took 3.0 minutes, 51.0 seconds
Dataset=ds1 k=2 cov_type=full sil=0.25089368884187857
** -> gmm k=6 cov_type=spherical elapsed seconds 4.315376281738281e-05 <- took less than 1 second
** -> sil gmm k=6 cov_type=spherical elapsed seconds 258.9632852077484 <- took 4.0 minutes, 18.0 seconds
Dataset=ds1 k=6 cov_type=spherical sil=0.4046654580867556
** -> gmm k=6 cov_type=diag elapsed seconds 4.601478576660156e-05 <- took less than 1 second
** -> sil gmm k=6 cov_type=diag elapsed seconds 232.83458638191223 <- took 3.0 minutes, 52.0 seconds
Dataset=ds1 k=6 cov_type=diag sil=0.39471015672987914
** -> gmm k=6 cov_type=tied elapsed seconds 4.553794860839844e-05 <- took less than 1 second
** -> sil gmm k=6 cov_type=tied elapsed seconds 266.568932056427 <- took 4.0 minutes, 26.0 seconds
Dataset=ds1 k=6 cov_type=tied sil=0.41617769067999927
** -> gmm k=6 cov_type=full elapsed seconds 4.57763671875e-05 <- took less than 1 second
** -> sil gmm k=6 cov_type=full elapsed seconds 244.58333492279053 <- took 4.0 minutes, 4.0 seconds
Dataset=ds1 k=6 cov_type=full sil=0.42834478526898906
** -> gmm k=10 cov_type=spherical elapsed seconds 2.6702880859375e-05 <- took less than 1 second
** -> sil gmm k=10 cov_type=spherical elapsed seconds 277.6176061630249 <- took 4.0 minutes, 37.0 seconds
Dataset=ds1 k=10 cov_type=spherical sil=0.46737165928346
** -> gmm k=10 cov_type=diag elapsed seconds 2.8371810913085938e-05 <- took less than 1 second
** -> sil gmm k=10 cov_type=diag elapsed seconds 293.6413881778717 <- took 4.0 minutes, 53.0 seconds
Dataset=ds1 k=10 cov_type=diag sil=0.4980764662296168
** -> gmm k=10 cov_type=tied elapsed seconds 2.7418136596679688e-05 <- took less than 1 second
** -> sil gmm k=10 cov_type=tied elapsed seconds 266.2718207836151 <- took 4.0 minutes, 26.0 seconds
Dataset=ds1 k=10 cov_type=tied sil=0.6178004792816872
** -> gmm k=10 cov_type=full elapsed seconds 3.1948089599609375e-05 <- took less than 1 second
** -> sil gmm k=10 cov_type=full elapsed seconds 251.61101460456848 <- took 4.0 minutes, 11.0 seconds
Dataset=ds1 k=10 cov_type=full sil=0.5728720060822152
** -> gmm k=14 cov_type=spherical elapsed seconds 4.506111145019531e-05 <- took less than 1 second
** -> sil gmm k=14 cov_type=spherical elapsed seconds 299.09781551361084 <- took 4.0 minutes, 59.0 seconds
Dataset=ds1 k=14 cov_type=spherical sil=0.5280832552522916
** -> gmm k=14 cov_type=diag elapsed seconds 3.719329833984375e-05 <- took less than 1 second
** -> sil gmm k=14 cov_type=diag elapsed seconds 238.0991666316986 <- took 3.0 minutes, 58.0 seconds
Dataset=ds1 k=14 cov_type=diag sil=0.5619102842845971
** -> gmm k=14 cov_type=tied elapsed seconds 4.291534423828125e-05 <- took less than 1 second
** -> sil gmm k=14 cov_type=tied elapsed seconds 235.12711215019226 <- took 3.0 minutes, 55.0 seconds
Dataset=ds1 k=14 cov_type=tied sil=0.6845659113059799
** -> gmm k=14 cov_type=full elapsed seconds 4.2438507080078125e-05 <- took less than 1 second
** -> sil gmm k=14 cov_type=full elapsed seconds 233.86377429962158 <- took 3.0 minutes, 53.0 seconds
Dataset=ds1 k=14 cov_type=full sil=0.6665046809373917
** -> gmm k=18 cov_type=spherical elapsed seconds 6.198883056640625e-05 <- took less than 1 second
** -> sil gmm k=18 cov_type=spherical elapsed seconds 254.28407216072083 <- took 4.0 minutes, 14.0 seconds
Dataset=ds1 k=18 cov_type=spherical sil=0.5378157138174028
** -> gmm k=18 cov_type=diag elapsed seconds 4.315376281738281e-05 <- took less than 1 second
** -> sil gmm k=18 cov_type=diag elapsed seconds 242.23303413391113 <- took 4.0 minutes, 2.0 seconds
Dataset=ds1 k=18 cov_type=diag sil=0.5575590937700364
** -> gmm k=18 cov_type=tied elapsed seconds 5.221366882324219e-05 <- took less than 1 second
** -> sil gmm k=18 cov_type=tied elapsed seconds 282.94455456733704 <- took 4.0 minutes, 42.0 seconds
Dataset=ds1 k=18 cov_type=tied sil=0.6659973427527695
** -> gmm k=18 cov_type=full elapsed seconds 3.1948089599609375e-05 <- took less than 1 second
** -> sil gmm k=18 cov_type=full elapsed seconds 228.75103950500488 <- took 3.0 minutes, 48.0 seconds
Dataset=ds1 k=18 cov_type=full sil=0.6531101492029071
** -> gmm k=22 cov_type=spherical elapsed seconds 3.981590270996094e-05 <- took less than 1 second
** -> sil gmm k=22 cov_type=spherical elapsed seconds 239.26097011566162 <- took 3.0 minutes, 59.0 seconds
Dataset=ds1 k=22 cov_type=spherical sil=0.5909072301738465
** -> gmm k=22 cov_type=diag elapsed seconds 3.24249267578125e-05 <- took less than 1 second
** -> sil gmm k=22 cov_type=diag elapsed seconds 274.31369185447693 <- took 4.0 minutes, 34.0 seconds
Dataset=ds1 k=22 cov_type=diag sil=0.5729690670332607
** -> gmm k=22 cov_type=tied elapsed seconds 4.124641418457031e-05 <- took less than 1 second
** -> sil gmm k=22 cov_type=tied elapsed seconds 235.00022292137146 <- took 3.0 minutes, 55.0 seconds
Dataset=ds1 k=22 cov_type=tied sil=0.6609073463107549
** -> gmm k=22 cov_type=full elapsed seconds 4.458427429199219e-05 <- took less than 1 second
** -> sil gmm k=22 cov_type=full elapsed seconds 254.62838697433472 <- took 4.0 minutes, 14.0 seconds
Dataset=ds1 k=22 cov_type=full sil=0.6322362439624885
** -> gmm k=26 cov_type=spherical elapsed seconds 4.124641418457031e-05 <- took less than 1 second
** -> sil gmm k=26 cov_type=spherical elapsed seconds 230.09307670593262 <- took 3.0 minutes, 50.0 seconds
Dataset=ds1 k=26 cov_type=spherical sil=0.5972782569648586
** -> gmm k=26 cov_type=diag elapsed seconds 4.315376281738281e-05 <- took less than 1 second
** -> sil gmm k=26 cov_type=diag elapsed seconds 224.78063893318176 <- took 3.0 minutes, 44.0 seconds
Dataset=ds1 k=26 cov_type=diag sil=0.5901886135233313
** -> gmm k=26 cov_type=tied elapsed seconds 4.506111145019531e-05 <- took less than 1 second
** -> sil gmm k=26 cov_type=tied elapsed seconds 237.16724514961243 <- took 3.0 minutes, 57.0 seconds
Dataset=ds1 k=26 cov_type=tied sil=0.6795031467848398
** -> gmm k=26 cov_type=full elapsed seconds 2.6702880859375e-05 <- took less than 1 second
** -> sil gmm k=26 cov_type=full elapsed seconds 233.13227462768555 <- took 3.0 minutes, 53.0 seconds
Dataset=ds1 k=26 cov_type=full sil=0.6364977375344438
** -> gmm k=30 cov_type=spherical elapsed seconds 3.8623809814453125e-05 <- took less than 1 second
** -> sil gmm k=30 cov_type=spherical elapsed seconds 235.49564909934998 <- took 3.0 minutes, 55.0 seconds
Dataset=ds1 k=30 cov_type=spherical sil=0.5020957078487444
** -> gmm k=30 cov_type=diag elapsed seconds 4.1961669921875e-05 <- took less than 1 second
** -> sil gmm k=30 cov_type=diag elapsed seconds 273.1481833457947 <- took 4.0 minutes, 33.0 seconds
Dataset=ds1 k=30 cov_type=diag sil=0.5001277258671255
** -> gmm k=30 cov_type=tied elapsed seconds 4.267692565917969e-05 <- took less than 1 second
** -> sil gmm k=30 cov_type=tied elapsed seconds 232.12182688713074 <- took 3.0 minutes, 52.0 seconds
Dataset=ds1 k=30 cov_type=tied sil=0.6729486918225552
** -> gmm k=30 cov_type=full elapsed seconds 2.5987625122070312e-05 <- took less than 1 second
** -> sil gmm k=30 cov_type=full elapsed seconds 266.39008045196533 <- took 4.0 minutes, 26.0 seconds