+-----------------------------------------------------------------------------+
| Logfile        : gmm-sweepk-ds1-pca-10-CH.log                               |
| Job id         : 5091042819                 Class: SLES11SP4&&8C&&32G Qslot: /icf/fdk/pdx_critical_vp/bench7|
| Executed on    : plxcu7019                  Pool : pdx_misc                 |
| Queueing time  : Sun Nov  4 04:12:56 2018                                   |
| Starting time  : Sun Nov  4 04:12:58 2018          Qwait:   0h:00m:02s      |
| Command        : part3.py -a gmm-sweepk-CH --ncomp 10 -s ds1 --reducer pca  |
+-----------------------------------------------------------------------------+
** -> pca projection calculation for ds1, k=10 elapsed seconds 0.3046751022338867 <- took less than 1 second
Wrote /nfs/pdx/disks/icf_env_disk001/bjbarcla/gwa/issues/ml/class/proj3/datasets/ds1/dimreducer-pca-10.pkl
** -> gmm k=2 cov_type=spherical elapsed seconds 4.172325134277344e-05 <- took less than 1 second
** -> CH gmm k=2 cov_type=spherical elapsed seconds 0.012776613235473633 <- took less than 1 second
Dataset=ds1 k=2 cov_type=spherical CH=5108.22759882761
** -> gmm k=2 cov_type=diag elapsed seconds 1.4066696166992188e-05 <- took less than 1 second
** -> CH gmm k=2 cov_type=diag elapsed seconds 0.012477397918701172 <- took less than 1 second
Dataset=ds1 k=2 cov_type=diag CH=5149.474331467479
** -> gmm k=2 cov_type=tied elapsed seconds 1.2636184692382812e-05 <- took less than 1 second
** -> CH gmm k=2 cov_type=tied elapsed seconds 0.013218402862548828 <- took less than 1 second
Dataset=ds1 k=2 cov_type=tied CH=6742.8972017040205
** -> gmm k=2 cov_type=full elapsed seconds 1.4781951904296875e-05 <- took less than 1 second
** -> CH gmm k=2 cov_type=full elapsed seconds 0.013248443603515625 <- took less than 1 second
Dataset=ds1 k=2 cov_type=full CH=6626.039684639747
** -> gmm k=6 cov_type=spherical elapsed seconds 1.9788742065429688e-05 <- took less than 1 second
** -> CH gmm k=6 cov_type=spherical elapsed seconds 0.015219926834106445 <- took less than 1 second
Dataset=ds1 k=6 cov_type=spherical CH=8958.1754142581
** -> gmm k=6 cov_type=diag elapsed seconds 1.5020370483398438e-05 <- took less than 1 second
** -> CH gmm k=6 cov_type=diag elapsed seconds 0.015052318572998047 <- took less than 1 second
Dataset=ds1 k=6 cov_type=diag CH=7608.861269965653
** -> gmm k=6 cov_type=tied elapsed seconds 1.7642974853515625e-05 <- took less than 1 second
** -> CH gmm k=6 cov_type=tied elapsed seconds 0.015668630599975586 <- took less than 1 second
Dataset=ds1 k=6 cov_type=tied CH=11004.612990736086
** -> gmm k=6 cov_type=full elapsed seconds 1.9550323486328125e-05 <- took less than 1 second
** -> CH gmm k=6 cov_type=full elapsed seconds 0.016854047775268555 <- took less than 1 second
Dataset=ds1 k=6 cov_type=full CH=10871.587911790863
** -> gmm k=10 cov_type=spherical elapsed seconds 2.8371810913085938e-05 <- took less than 1 second
** -> CH gmm k=10 cov_type=spherical elapsed seconds 0.012712955474853516 <- took less than 1 second
Dataset=ds1 k=10 cov_type=spherical CH=8687.023686916616
** -> gmm k=10 cov_type=diag elapsed seconds 1.6689300537109375e-05 <- took less than 1 second
** -> CH gmm k=10 cov_type=diag elapsed seconds 0.012996912002563477 <- took less than 1 second
Dataset=ds1 k=10 cov_type=diag CH=12817.81022588974
** -> gmm k=10 cov_type=tied elapsed seconds 1.811981201171875e-05 <- took less than 1 second
** -> CH gmm k=10 cov_type=tied elapsed seconds 0.014840364456176758 <- took less than 1 second
Dataset=ds1 k=10 cov_type=tied CH=17793.303591644646
** -> gmm k=10 cov_type=full elapsed seconds 1.8835067749023438e-05 <- took less than 1 second
** -> CH gmm k=10 cov_type=full elapsed seconds 0.01757979393005371 <- took less than 1 second
Dataset=ds1 k=10 cov_type=full CH=17793.303591644646
** -> gmm k=14 cov_type=spherical elapsed seconds 2.09808349609375e-05 <- took less than 1 second
** -> CH gmm k=14 cov_type=spherical elapsed seconds 0.019352197647094727 <- took less than 1 second
Dataset=ds1 k=14 cov_type=spherical CH=11890.916098045158
** -> gmm k=14 cov_type=diag elapsed seconds 2.09808349609375e-05 <- took less than 1 second
** -> CH gmm k=14 cov_type=diag elapsed seconds 0.019362926483154297 <- took less than 1 second
Dataset=ds1 k=14 cov_type=diag CH=15473.123440266954
** -> gmm k=14 cov_type=tied elapsed seconds 2.0742416381835938e-05 <- took less than 1 second
** -> CH gmm k=14 cov_type=tied elapsed seconds 0.013885974884033203 <- took less than 1 second
Dataset=ds1 k=14 cov_type=tied CH=18818.119322642768
** -> gmm k=14 cov_type=full elapsed seconds 1.4781951904296875e-05 <- took less than 1 second
** -> CH gmm k=14 cov_type=full elapsed seconds 0.014820575714111328 <- took less than 1 second
Dataset=ds1 k=14 cov_type=full CH=17868.147479580628
** -> gmm k=18 cov_type=spherical elapsed seconds 2.4080276489257812e-05 <- took less than 1 second
** -> CH gmm k=18 cov_type=spherical elapsed seconds 0.01588726043701172 <- took less than 1 second
Dataset=ds1 k=18 cov_type=spherical CH=12330.6882469776
** -> gmm k=18 cov_type=diag elapsed seconds 2.2172927856445312e-05 <- took less than 1 second
** -> CH gmm k=18 cov_type=diag elapsed seconds 0.015887022018432617 <- took less than 1 second
Dataset=ds1 k=18 cov_type=diag CH=13670.960985880243
** -> gmm k=18 cov_type=tied elapsed seconds 2.2411346435546875e-05 <- took less than 1 second
** -> CH gmm k=18 cov_type=tied elapsed seconds 0.015409708023071289 <- took less than 1 second
Dataset=ds1 k=18 cov_type=tied CH=19082.422167074827
** -> gmm k=18 cov_type=full elapsed seconds 2.0265579223632812e-05 <- took less than 1 second
** -> CH gmm k=18 cov_type=full elapsed seconds 0.017192840576171875 <- took less than 1 second
Dataset=ds1 k=18 cov_type=full CH=19439.936724713818
** -> gmm k=22 cov_type=spherical elapsed seconds 2.4557113647460938e-05 <- took less than 1 second
** -> CH gmm k=22 cov_type=spherical elapsed seconds 0.019553184509277344 <- took less than 1 second
Dataset=ds1 k=22 cov_type=spherical CH=12076.815131848907
** -> gmm k=22 cov_type=diag elapsed seconds 2.193450927734375e-05 <- took less than 1 second
** -> CH gmm k=22 cov_type=diag elapsed seconds 0.01720714569091797 <- took less than 1 second
Dataset=ds1 k=22 cov_type=diag CH=13535.229729529814
** -> gmm k=22 cov_type=tied elapsed seconds 2.1457672119140625e-05 <- took less than 1 second
** -> CH gmm k=22 cov_type=tied elapsed seconds 0.018221616744995117 <- took less than 1 second
Dataset=ds1 k=22 cov_type=tied CH=19516.710053534374
** -> gmm k=22 cov_type=full elapsed seconds 2.4318695068359375e-05 <- took less than 1 second
** -> CH gmm k=22 cov_type=full elapsed seconds 0.025028467178344727 <- took less than 1 second
Dataset=ds1 k=22 cov_type=full CH=20258.270627137535
** -> gmm k=26 cov_type=spherical elapsed seconds 3.075599670410156e-05 <- took less than 1 second
** -> CH gmm k=26 cov_type=spherical elapsed seconds 0.020006656646728516 <- took less than 1 second
Dataset=ds1 k=26 cov_type=spherical CH=9221.373498113757
** -> gmm k=26 cov_type=diag elapsed seconds 2.2411346435546875e-05 <- took less than 1 second
** -> CH gmm k=26 cov_type=diag elapsed seconds 0.01826953887939453 <- took less than 1 second
Dataset=ds1 k=26 cov_type=diag CH=11039.289880585735
** -> gmm k=26 cov_type=tied elapsed seconds 2.384185791015625e-05 <- took less than 1 second
** -> CH gmm k=26 cov_type=tied elapsed seconds 0.01954793930053711 <- took less than 1 second
Dataset=ds1 k=26 cov_type=tied CH=19386.28638073229
** -> gmm k=26 cov_type=full elapsed seconds 2.288818359375e-05 <- took less than 1 second
** -> CH gmm k=26 cov_type=full elapsed seconds 0.01822066307067871 <- took less than 1 second
Dataset=ds1 k=26 cov_type=full CH=20051.18901378136
** -> gmm k=30 cov_type=spherical elapsed seconds 2.4557113647460938e-05 <- took less than 1 second
** -> CH gmm k=30 cov_type=spherical elapsed seconds 0.026220083236694336 <- took less than 1 second
Dataset=ds1 k=30 cov_type=spherical CH=9616.687373295923
** -> gmm k=30 cov_type=diag elapsed seconds 2.5510787963867188e-05 <- took less than 1 second
** -> CH gmm k=30 cov_type=diag elapsed seconds 0.02725815773010254 <- took less than 1 second
Dataset=ds1 k=30 cov_type=diag CH=10343.243663331437
** -> gmm k=30 cov_type=tied elapsed seconds 3.0040740966796875e-05 <- took less than 1 second
** -> CH gmm k=30 cov_type=tied elapsed seconds 0.019115686416625977 <- took less than 1 second
Dataset=ds1 k=30 cov_type=tied CH=19352.098562457028
** -> gmm k=30 cov_type=full elapsed seconds 2.4557113647460938e-05 <- took less than 1 second
** -> CH gmm k=30 cov_type=full elapsed seconds 0.019466876983642578 <- took less than 1 second
Dataset=ds1 k=30 cov_type=full CH=18466.407865252157
** -> gmm k=34 cov_type=spherical elapsed seconds 2.4318695068359375e-05 <- took less than 1 second
** -> CH gmm k=34 cov_type=spherical elapsed seconds 0.020256757736206055 <- took less than 1 second
Dataset=ds1 k=34 cov_type=spherical CH=9549.49518957053
** -> gmm k=34 cov_type=diag elapsed seconds 2.5033950805664062e-05 <- took less than 1 second
** -> CH gmm k=34 cov_type=diag elapsed seconds 0.020670652389526367 <- took less than 1 second
Dataset=ds1 k=34 cov_type=diag CH=10918.556653918637
** -> gmm k=34 cov_type=tied elapsed seconds 2.47955322265625e-05 <- took less than 1 second
** -> CH gmm k=34 cov_type=tied elapsed seconds 0.020180225372314453 <- took less than 1 second
Dataset=ds1 k=34 cov_type=tied CH=19305.204109474296
** -> gmm k=34 cov_type=full elapsed seconds 2.384185791015625e-05 <- took less than 1 second
** -> CH gmm k=34 cov_type=full elapsed seconds 0.020607948303222656 <- took less than 1 second
Dataset=ds1 k=34 cov_type=full CH=18255.599341494973
** -> gmm k=38 cov_type=spherical elapsed seconds 2.4318695068359375e-05 <- took less than 1 second
** -> CH gmm k=38 cov_type=spherical elapsed seconds 0.021485567092895508 <- took less than 1 second
Dataset=ds1 k=38 cov_type=spherical CH=10398.500309767456
** -> gmm k=38 cov_type=diag elapsed seconds 2.47955322265625e-05 <- took less than 1 second
** -> CH gmm k=38 cov_type=diag elapsed seconds 0.030350923538208008 <- took less than 1 second
Dataset=ds1 k=38 cov_type=diag CH=10166.179227162454
** -> gmm k=38 cov_type=tied elapsed seconds 3.0517578125e-05 <- took less than 1 second
** -> CH gmm k=38 cov_type=tied elapsed seconds 0.029761552810668945 <- took less than 1 second
Dataset=ds1 k=38 cov_type=tied CH=19965.332153539286
** -> gmm k=38 cov_type=full elapsed seconds 3.1948089599609375e-05 <- took less than 1 second
** -> CH gmm k=38 cov_type=full elapsed seconds 0.021575212478637695 <- took less than 1 second
Dataset=ds1 k=38 cov_type=full CH=18188.15701443543
** -> gmm k=42 cov_type=spherical elapsed seconds 1.8596649169921875e-05 <- took less than 1 second
** -> CH gmm k=42 cov_type=spherical elapsed seconds 0.024785757064819336 <- took less than 1 second
Dataset=ds1 k=42 cov_type=spherical CH=13302.446161279799
** -> gmm k=42 cov_type=diag elapsed seconds 2.8848648071289062e-05 <- took less than 1 second
** -> CH gmm k=42 cov_type=diag elapsed seconds 0.022995948791503906 <- took less than 1 second
Dataset=ds1 k=42 cov_type=diag CH=12367.122508165196
** -> gmm k=42 cov_type=tied elapsed seconds 2.47955322265625e-05 <- took less than 1 second
** -> CH gmm k=42 cov_type=tied elapsed seconds 0.02239084243774414 <- took less than 1 second
Dataset=ds1 k=42 cov_type=tied CH=20751.231805151358
** -> gmm k=42 cov_type=full elapsed seconds 2.288818359375e-05 <- took less than 1 second
** -> CH gmm k=42 cov_type=full elapsed seconds 0.0223391056060791 <- took less than 1 second
Dataset=ds1 k=42 cov_type=full CH=15977.273400915527
** -> gmm k=46 cov_type=spherical elapsed seconds 1.8835067749023438e-05 <- took less than 1 second
** -> CH gmm k=46 cov_type=spherical elapsed seconds 0.02801227569580078 <- took less than 1 second
Dataset=ds1 k=46 cov_type=spherical CH=13657.637711519581
** -> gmm k=46 cov_type=diag elapsed seconds 2.86102294921875e-05 <- took less than 1 second
** -> CH gmm k=46 cov_type=diag elapsed seconds 0.023822307586669922 <- took less than 1 second
Dataset=ds1 k=46 cov_type=diag CH=11508.887958516932
** -> gmm k=46 cov_type=tied elapsed seconds 2.5510787963867188e-05 <- took less than 1 second
** -> CH gmm k=46 cov_type=tied elapsed seconds 0.023410797119140625 <- took less than 1 second
Dataset=ds1 k=46 cov_type=tied CH=19228.599882979004
** -> gmm k=46 cov_type=full elapsed seconds 2.5272369384765625e-05 <- took less than 1 second
** -> CH gmm k=46 cov_type=full elapsed seconds 0.03337287902832031 <- took less than 1 second
Dataset=ds1 k=46 cov_type=full CH=14805.407342394206
** -> gmm k=50 cov_type=spherical elapsed seconds 3.0517578125e-05 <- took less than 1 second
** -> CH gmm k=50 cov_type=spherical elapsed seconds 0.024900197982788086 <- took less than 1 second
Dataset=ds1 k=50 cov_type=spherical CH=12318.547183584269
** -> gmm k=50 cov_type=diag elapsed seconds 2.9087066650390625e-05 <- took less than 1 second
** -> CH gmm k=50 cov_type=diag elapsed seconds 0.025435686111450195 <- took less than 1 second
Dataset=ds1 k=50 cov_type=diag CH=10703.782074736404
** -> gmm k=50 cov_type=tied elapsed seconds 2.5510787963867188e-05 <- took less than 1 second
** -> CH gmm k=50 cov_type=tied elapsed seconds 0.024198293685913086 <- took less than 1 second
Dataset=ds1 k=50 cov_type=tied CH=19226.04910376679
** -> gmm k=50 cov_type=full elapsed seconds 2.3603439331054688e-05 <- took less than 1 second
** -> CH gmm k=50 cov_type=full elapsed seconds 0.02449941635131836 <- took less than 1 second
Dataset=ds1 k=50 cov_type=full CH=14251.987364749646
** -> gmm k=54 cov_type=spherical elapsed seconds 2.4080276489257812e-05 <- took less than 1 second
** -> CH gmm k=54 cov_type=spherical elapsed seconds 0.025754213333129883 <- took less than 1 second
Dataset=ds1 k=54 cov_type=spherical CH=12390.461861681626
** -> gmm k=54 cov_type=diag elapsed seconds 2.3603439331054688e-05 <- took less than 1 second
** -> CH gmm k=54 cov_type=diag elapsed seconds 0.03379535675048828 <- took less than 1 second
Dataset=ds1 k=54 cov_type=diag CH=10656.392615782866
** -> gmm k=54 cov_type=tied elapsed seconds 2.4318695068359375e-05 <- took less than 1 second
** -> CH gmm k=54 cov_type=tied elapsed seconds 0.03518366813659668 <- took less than 1 second
Dataset=ds1 k=54 cov_type=tied CH=17946.23516699167
** -> gmm k=54 cov_type=full elapsed seconds 2.47955322265625e-05 <- took less than 1 second
** -> CH gmm k=54 cov_type=full elapsed seconds 0.029209613800048828 <- took less than 1 second
Dataset=ds1 k=54 cov_type=full CH=12580.855913958023
** -> gmm k=58 cov_type=spherical elapsed seconds 1.9073486328125e-05 <- took less than 1 second
** -> CH gmm k=58 cov_type=spherical elapsed seconds 0.025580167770385742 <- took less than 1 second
Dataset=ds1 k=58 cov_type=spherical CH=12460.691102127414
** -> gmm k=58 cov_type=diag elapsed seconds 1.811981201171875e-05 <- took less than 1 second
** -> CH gmm k=58 cov_type=diag elapsed seconds 0.03343844413757324 <- took less than 1 second
Dataset=ds1 k=58 cov_type=diag CH=11515.123846159695
** -> gmm k=58 cov_type=tied elapsed seconds 3.0279159545898438e-05 <- took less than 1 second
** -> CH gmm k=58 cov_type=tied elapsed seconds 0.02611994743347168 <- took less than 1 second
Dataset=ds1 k=58 cov_type=tied CH=16707.406064948686
** -> gmm k=58 cov_type=full elapsed seconds 2.5272369384765625e-05 <- took less than 1 second
** -> CH gmm k=58 cov_type=full elapsed seconds 0.02760148048400879 <- took less than 1 second
Dataset=ds1 k=58 cov_type=full CH=13797.990081798025
** -> gmm k=62 cov_type=spherical elapsed seconds 2.3365020751953125e-05 <- took less than 1 second
** -> CH gmm k=62 cov_type=spherical elapsed seconds 0.028200387954711914 <- took less than 1 second
Dataset=ds1 k=62 cov_type=spherical CH=12775.182872219617
** -> gmm k=62 cov_type=diag elapsed seconds 2.9802322387695312e-05 <- took less than 1 second
** -> CH gmm k=62 cov_type=diag elapsed seconds 0.02829122543334961 <- took less than 1 second
Dataset=ds1 k=62 cov_type=diag CH=11118.268024222109
** -> gmm k=62 cov_type=tied elapsed seconds 2.9802322387695312e-05 <- took less than 1 second
** -> CH gmm k=62 cov_type=tied elapsed seconds 0.02669811248779297 <- took less than 1 second
Dataset=ds1 k=62 cov_type=tied CH=15474.475876062997
** -> gmm k=62 cov_type=full elapsed seconds 2.5272369384765625e-05 <- took less than 1 second
** -> CH gmm k=62 cov_type=full elapsed seconds 0.028181791305541992 <- took less than 1 second
Dataset=ds1 k=62 cov_type=full CH=13211.523886699173
** -> gmm k=66 cov_type=spherical elapsed seconds 2.8848648071289062e-05 <- took less than 1 second
** -> CH gmm k=66 cov_type=spherical elapsed seconds 0.029845237731933594 <- took less than 1 second
Dataset=ds1 k=66 cov_type=spherical CH=13446.610460275173
** -> gmm k=66 cov_type=diag elapsed seconds 2.47955322265625e-05 <- took less than 1 second
** -> CH gmm k=66 cov_type=diag elapsed seconds 0.030409812927246094 <- took less than 1 second
Dataset=ds1 k=66 cov_type=diag CH=11409.839310573016
** -> gmm k=66 cov_type=tied elapsed seconds 2.8848648071289062e-05 <- took less than 1 second
** -> CH gmm k=66 cov_type=tied elapsed seconds 0.03220033645629883 <- took less than 1 second
Dataset=ds1 k=66 cov_type=tied CH=15582.242352003048
** -> gmm k=66 cov_type=full elapsed seconds 1.8835067749023438e-05 <- took less than 1 second
** -> CH gmm k=66 cov_type=full elapsed seconds 0.02848529815673828 <- took less than 1 second
Dataset=ds1 k=66 cov_type=full CH=12646.416554044592
** -> gmm k=70 cov_type=spherical elapsed seconds 2.7179718017578125e-05 <- took less than 1 second
** -> CH gmm k=70 cov_type=spherical elapsed seconds 0.02949357032775879 <- took less than 1 second
Dataset=ds1 k=70 cov_type=spherical CH=13319.241897224414
** -> gmm k=70 cov_type=diag elapsed seconds 1.811981201171875e-05 <- took less than 1 second
** -> CH gmm k=70 cov_type=diag elapsed seconds 0.0304715633392334 <- took less than 1 second
Dataset=ds1 k=70 cov_type=diag CH=12296.535630732918
** -> gmm k=70 cov_type=tied elapsed seconds 2.4080276489257812e-05 <- took less than 1 second
** -> CH gmm k=70 cov_type=tied elapsed seconds 0.028326988220214844 <- took less than 1 second
Dataset=ds1 k=70 cov_type=tied CH=14951.664102413222
** -> gmm k=70 cov_type=full elapsed seconds 2.4557113647460938e-05 <- took less than 1 second
** -> CH gmm k=70 cov_type=full elapsed seconds 0.028838396072387695 <- took less than 1 second
Dataset=ds1 k=70 cov_type=full CH=11473.597543380773
** -> gmm k=74 cov_type=spherical elapsed seconds 2.7894973754882812e-05 <- took less than 1 second
** -> CH gmm k=74 cov_type=spherical elapsed seconds 0.029970169067382812 <- took less than 1 second
Dataset=ds1 k=74 cov_type=spherical CH=12807.877279972434
** -> gmm k=74 cov_type=diag elapsed seconds 2.765655517578125e-05 <- took less than 1 second
** -> CH gmm k=74 cov_type=diag elapsed seconds 0.030086517333984375 <- took less than 1 second
Dataset=ds1 k=74 cov_type=diag CH=13569.039410203539
** -> gmm k=74 cov_type=tied elapsed seconds 1.8835067749023438e-05 <- took less than 1 second
** -> CH gmm k=74 cov_type=tied elapsed seconds 0.029840946197509766 <- took less than 1 second
Dataset=ds1 k=74 cov_type=tied CH=15662.487802942796
** -> gmm k=74 cov_type=full elapsed seconds 1.8835067749023438e-05 <- took less than 1 second
** -> CH gmm k=74 cov_type=full elapsed seconds 0.029821395874023438 <- took less than 1 second
Dataset=ds1 k=74 cov_type=full CH=11320.697648583913
** -> gmm k=78 cov_type=spherical elapsed seconds 1.9788742065429688e-05 <- took less than 1 second
** -> CH gmm k=78 cov_type=spherical elapsed seconds 0.030699491500854492 <- took less than 1 second
Dataset=ds1 k=78 cov_type=spherical CH=13058.975878596715
** -> gmm k=78 cov_type=diag elapsed seconds 2.4080276489257812e-05 <- took less than 1 second
** -> CH gmm k=78 cov_type=diag elapsed seconds 0.030571460723876953 <- took less than 1 second
Dataset=ds1 k=78 cov_type=diag CH=10048.999264914046
** -> gmm k=78 cov_type=tied elapsed seconds 2.4318695068359375e-05 <- took less than 1 second
** -> CH gmm k=78 cov_type=tied elapsed seconds 0.030172109603881836 <- took less than 1 second
Dataset=ds1 k=78 cov_type=tied CH=15949.771629143508
** -> gmm k=78 cov_type=full elapsed seconds 2.5033950805664062e-05 <- took less than 1 second
** -> CH gmm k=78 cov_type=full elapsed seconds 0.040944576263427734 <- took less than 1 second
Dataset=ds1 k=78 cov_type=full CH=11460.599389029454
** -> gmm k=82 cov_type=spherical elapsed seconds 2.5033950805664062e-05 <- took less than 1 second
** -> CH gmm k=82 cov_type=spherical elapsed seconds 0.03382301330566406 <- took less than 1 second
Dataset=ds1 k=82 cov_type=spherical CH=13216.842211151114
** -> gmm k=82 cov_type=diag elapsed seconds 2.7894973754882812e-05 <- took less than 1 second
** -> CH gmm k=82 cov_type=diag elapsed seconds 0.03307843208312988 <- took less than 1 second
Dataset=ds1 k=82 cov_type=diag CH=11760.46416425117
** -> gmm k=82 cov_type=tied elapsed seconds 1.8358230590820312e-05 <- took less than 1 second
** -> CH gmm k=82 cov_type=tied elapsed seconds 0.030295372009277344 <- took less than 1 second
Dataset=ds1 k=82 cov_type=tied CH=16346.30282/nfs/pdx/disks/icf_env_disk001/bjbarcla/gwa/issues/ml/mlai/lib/python3.6/site-packages/sklearn/ensemble/weight_boosting.py:29: DeprecationWarning: numpy.core.umath_tests is an internal NumPy module and should not be imported. It will be removed in a future NumPy release.
  from numpy.core.umath_tests import inner1d
595682
** -> gmm k=82 cov_type=full elapsed seconds 2.8848648071289062e-05 <- took less than 1 second
** -> CH gmm k=82 cov_type=full elapsed seconds 0.03198814392089844 <- took less than 1 second
Dataset=ds1 k=82 cov_type=full CH=13072.046040276695
+-----------------------------------------------------------------------------+
| Exit Status    : 0                                                          |
| Finishing time : Sun Nov  4 04:33:14 2018                                   |
| CPU time       : Usr 9716.619s Sys 27166.501s WC  0h:20m:16s                     |
| Rusage Stats   : Mem:321    PF:  105506655/CSv/f:  0/0     Swaps:0          |
|                :           Msg:    0/0     IOops:  0/0     Sigs :0          |
+-----------------------------------------------------------------------------+
