+-----------------------------------------------------------------------------+
| Logfile        : gmm-sweepk-ds4-rp-30-sil.log                               |
| Job id         : 5091306486                 Class: SLES11SP4&&8C&&32G Qslot: /icf/fdk/pdx_critical_vp/bench8|
| Executed on    : plxcm4018                  Pool : pdx_misc                 |
| Queueing time  : Sun Nov  4 07:00:27 2018                                   |
| Starting time  : Sun Nov  4 07:00:35 2018          Qwait:   0h:00m:08s      |
| Command        : part3.py -a gmm-sweepk --ncomp 30 -s ds4 --reducer rp      |
+-----------------------------------------------------------------------------+
** -> rp projection calculation for ds4, k=30 elapsed seconds 0.010122060775756836 <- took less than 1 second
Wrote /nfs/pdx/disks/icf_env_disk001/bjbarcla/gwa/issues/ml/class/proj3/datasets/ds4/dimreducer-rp-30.pkl
** -> gmm k=2 cov_type=spherical elapsed seconds 3.075599670410156e-05 <- took less than 1 second
** -> sil gmm k=2 cov_type=spherical elapsed seconds 100.52771425247192 <- took 1.0 minute, 40.0 seconds
Dataset=ds4 k=2 cov_type=spherical sil=0.10775894461601035
** -> gmm k=2 cov_type=diag elapsed seconds 2.4318695068359375e-05 <- took less than 1 second
** -> sil gmm k=2 cov_type=diag elapsed seconds 95.98879313468933 <- took 1.0 minute, 35.0 seconds
Dataset=ds4 k=2 cov_type=diag sil=0.2020999536679294
** -> gmm k=2 cov_type=tied elapsed seconds 2.7179718017578125e-05 <- took less than 1 second
** -> sil gmm k=2 cov_type=tied elapsed seconds 111.64979076385498 <- took 1.0 minute, 51.0 seconds
Dataset=ds4 k=2 cov_type=tied sil=0.17899207196728908
** -> gmm k=2 cov_type=full elapsed seconds 2.8371810913085938e-05 <- took less than 1 second
** -> sil gmm k=2 cov_type=full elapsed seconds 98.83365774154663 <- took 1.0 minute, 38.0 seconds
Dataset=ds4 k=2 cov_type=full sil=0.15254715560575338
** -> gmm k=4 cov_type=spherical elapsed seconds 4.1484832763671875e-05 <- took less than 1 second
** -> sil gmm k=4 cov_type=spherical elapsed seconds 97.640793800354 <- took 1.0 minute, 37.0 seconds
Dataset=ds4 k=4 cov_type=spherical sil=0.0329205137299855
** -> gmm k=4 cov_type=diag elapsed seconds 3.838539123535156e-05 <- took less than 1 second
** -> sil gmm k=4 cov_type=diag elapsed seconds 88.07246541976929 <- took 1.0 minute, 28.0 seconds
Dataset=ds4 k=4 cov_type=diag sil=-0.03766295332873142
** -> gmm k=4 cov_type=tied elapsed seconds 3.62396240234375e-05 <- took less than 1 second
** -> sil gmm k=4 cov_type=tied elapsed seconds 84.56443810462952 <- took 1.0 minute, 24.0 seconds
Dataset=ds4 k=4 cov_type=tied sil=0.08284997513835499
** -> gmm k=4 cov_type=full elapsed seconds 4.100799560546875e-05 <- took less than 1 second
** -> sil gmm k=4 cov_type=full elapsed seconds 92.38139009475708 <- took 1.0 minute, 32.0 seconds
Dataset=ds4 k=4 cov_type=full sil=0.04592749663340112
** -> gmm k=6 cov_type=spherical elapsed seconds 4.363059997558594e-05 <- took less than 1 second
** -> sil gmm k=6 cov_type=spherical elapsed seconds 84.31652688980103 <- took 1.0 minute, 24.0 seconds
Dataset=ds4 k=6 cov_type=spherical sil=0.027580328476822166
** -> gmm k=6 cov_type=diag elapsed seconds 3.743171691894531e-05 <- took less than 1 second
** -> sil gmm k=6 cov_type=diag elapsed seconds 91.99862384796143 <- took 1.0 minute, 31.0 seconds
Dataset=ds4 k=6 cov_type=diag sil=-0.0236154908264617
** -> gmm k=6 cov_type=tied elapsed seconds 4.1961669921875e-05 <- took less than 1 second
** -> sil gmm k=6 cov_type=tied elapsed seconds 106.61739039421082 <- took 1.0 minute, 46.0 seconds
Dataset=ds4 k=6 cov_type=tied sil=0.08412374322491402
** -> gmm k=6 cov_type=full elapsed seconds 3.170967102050781e-05 <- took less than 1 second
** -> sil gmm k=6 cov_type=full elapsed seconds 87.21159315109253 <- took 1.0 minute, 27.0 seconds
Dataset=ds4 k=6 cov_type=full sil=0.05285254735276193
** -> gmm k=8 cov_type=spherical elapsed seconds 2.7179718017578125e-05 <- took less than 1 second
** -> sil gmm k=8 cov_type=spherical elapsed seconds 86.36065220832825 <- took 1.0 minute, 26.0 seconds
Dataset=ds4 k=8 cov_type=spherical sil=0.0023309533838097338
** -> gmm k=8 cov_type=diag elapsed seconds 4.601478576660156e-05 <- took less than 1 second
** -> sil gmm k=8 cov_type=diag elapsed seconds 85.6601254940033 <- took 1.0 minute, 25.0 seconds
Dataset=ds4 k=8 cov_type=diag sil=-0.029838674117865834
** -> gmm k=8 cov_type=tied elapsed seconds 4.696846008300781e-05 <- took less than 1 second
** -> sil gmm k=8 cov_type=tied elapsed seconds 105.4774808883667 <- took 1.0 minute, 45.0 seconds
Dataset=ds4 k=8 cov_type=tied sil=0.08012105412222473
** -> gmm k=8 cov_type=full elapsed seconds 5.14984130859375e-05 <- took less than 1 second
** -> sil gmm k=8 cov_type=full elapsed seconds 105.5288245677948 <- took 1.0 minute, 45.0 seconds
Dataset=ds4 k=8 cov_type=full sil=0.013547620771857775
** -> gmm k=10 cov_type=spherical elapsed seconds 3.0040740966796875e-05 <- took less than 1 second
** -> sil gmm k=10 cov_type=spherical elapsed seconds 84.16506242752075 <- took 1.0 minute, 24.0 seconds
Dataset=ds4 k=10 cov_type=spherical sil=0.022222533575396577
** -> gmm k=10 cov_type=diag elapsed seconds 1.7881393432617188e-05 <- took less than 1 second
** -> sil gmm k=10 cov_type=diag elapsed seconds 82.83625936508179 <- took 1.0 minute, 22.0 seconds
Dataset=ds4 k=10 cov_type=diag sil=-0.009969559087621687
** -> gmm k=10 cov_type=tied elapsed seconds 1.9311904907226562e-05 <- took less than 1 second
** -> sil gmm k=10 cov_type=tied elapsed seconds 101.02007365226746 <- took 1.0 minute, 41.0 seconds
Dataset=ds4 k=10 cov_type=tied sil=0.09370253608667752
** -> gmm k=10 cov_type=full elapsed seconds 4.1484832763671875e-05 <- took less than 1 second
** -> sil gmm k=10 cov_type=full elapsed seconds 88.74923539161682 <- took 1.0 minute, 28.0 seconds
Dataset=ds4 k=10 cov_type=full sil=0.033527189848107194
** -> gmm k=12 cov_type=spherical elapsed seconds 4.9114227294921875e-05 <- took less than 1 second
** -> sil gmm k=12 cov_type=spherical elapsed seconds 104.52239394187927 <- took 1.0 minute, 44.0 seconds
Dataset=ds4 k=12 cov_type=spherical sil=0.010102096363996489
** -> gmm k=12 cov_type=diag elapsed seconds 2.86102294921875e-05 <- took less than 1 second
** -> sil gmm k=12 cov_type=diag elapsed seconds 85.38041734695435 <- took 1.0 minute, 25.0 seconds
Dataset=ds4 k=12 cov_type=diag sil=-0.006704981976177584
** -> gmm k=12 cov_type=tied elapsed seconds 4.1961669921875e-05 <- took less than 1 second
** -> sil gmm k=12 cov_type=tied elapsed seconds 86.01388478279114 <- took 1.0 minute, 26.0 seconds
Dataset=ds4 k=12 cov_type=tied sil=0.10611005409586649
** -> gmm k=12 cov_type=full elapsed seconds 4.673004150390625e-05 <- took less than 1 second
** -> sil gmm k=12 cov_type=full elapsed seconds 86.48074889183044 <- took 1.0 minute, 26.0 seconds
Dataset=ds4 k=12 cov_type=full sil=0.05165803485944034
** -> gmm k=14 cov_type=spherical elapsed seconds 4.935264587402344e-05 <- took less than 1 second
** -> sil gmm k=14 cov_type=spherical elapsed seconds 112.27312445640564 <- took 1.0 minute, 52.0 seconds
Dataset=ds4 k=14 cov_type=spherical sil=0.04728628056144446
** -> gmm k=14 cov_type=diag elapsed seconds 4.2438507080078125e-05 <- took less than 1 second
** -> sil gmm k=14 cov_type=diag elapsed seconds 84.30303502082825 <- took 1.0 minute, 24.0 seconds
Dataset=ds4 k=14 cov_type=diag sil=0.009733481365382527
** -> gmm k=14 cov_type=tied elapsed seconds 3.0040740966796875e-05 <- took less than 1 second
** -> sil gmm k=14 cov_type=tied elapsed seconds 82.77926087379456 <- took 1.0 minute, 22.0 seconds
Dataset=ds4 k=14 cov_type=tied sil=0.10505912178608931
** -> gmm k=14 cov_type=full elapsed seconds 2.3365020751953125e-05 <- took less than 1 second
** -> sil gmm k=14 cov_type=full elapsed seconds 104.46688222885132 <- took 1.0 minute, 44.0 seconds
Dataset=ds4 k=14 cov_type=full sil=0.049731787406230576
** -> gmm k=16 cov_type=spherical elapsed seconds 2.2649765014648438e-05 <- took less than 1 second
** -> sil gmm k=16 cov_type=spherical elapsed seconds 103.19766736030579 <- took 1.0 minute, 43.0 seconds
Dataset=ds4 k=16 cov_type=spherical sil=0.046213537695996676
** -> gmm k=16 cov_type=diag elapsed seconds 3.814697265625e-05 <- took less than 1 second
** -> sil gmm k=16 cov_type=diag elapsed seconds 87.20453333854675 <- took 1.0 minute, 27.0 seconds
Dataset=ds4 k=16 cov_type=diag sil=0.030364957897440623
** -> gmm k=16 cov_type=tied elapsed seconds 4.6253204345703125e-05 <- took less than 1 second
** -> sil gmm k=16 cov_type=tied elapsed seconds 87.79807686805725 <- took 1.0 minute, 27.0 seconds
Dataset=ds4 k=16 cov_type=tied sil=0.11687571186918923
** -> gmm k=16 cov_type=full elapsed seconds 4.76837158203125e-05 <- took less than 1 second
** -> sil gmm k=16 cov_type=full elapsed seconds 84.61104893684387 <- took 1.0 minute, 24.0 seconds/nfs/pdx/disks/icf_env_disk001/bjbarcla/gwa/issues/ml/mlai/lib/python3.6/site-packages/sklearn/ensemble/weight_boosting.py:29: DeprecationWarning: numpy.core.umath_tests is an internal NumPy module and should not be imported. It will be removed in a future NumPy release.
  from numpy.core.umath_tests import inner1d

Dataset=ds4 k=16 cov_type=full sil=0.058103838259587294
** -> gmm k=18 cov_type=spherical elapsed seconds 4.887580871582031e-05 <- took less than 1 second
** -> sil gmm k=18 cov_type=spherical elapsed seconds 84.83672070503235 <- took 1.0 minute, 24.0 seconds
Dataset=ds4 k=18 cov_type=spherical sil=0.04755916982058974
** -> gmm k=18 cov_type=diag elapsed seconds 4.696846008300781e-05 <- took less than 1 second
** -> sil gmm k=18 cov_type=diag elapsed seconds 85.14434027671814 <- took 1.0 minute, 25.0 seconds
Dataset=ds4 k=18 cov_type=diag sil=0.012638258540988982
** -> gmm k=18 cov_type=tied elapsed seconds 4.863739013671875e-05 <- took less than 1 second
** -> sil gmm k=18 cov_type=tied elapsed seconds 108.86283802986145 <- took 1.0 minute, 48.0 seconds
Dataset=ds4 k=18 cov_type=tied sil=0.11897686522525536
** -> gmm k=18 cov_type=full elapsed seconds 4.9591064453125e-05 <- took less than 1 second
** -> sil gmm k=18 cov_type=full elapsed seconds 85.51246643066406 <- took 1.0 minute, 25.0 seconds
Dataset=ds4 k=18 cov_type=full sil=0.0632395361553217
** -> gmm k=20 cov_type=spherical elapsed seconds 4.744529724121094e-05 <- took less than 1 second
** -> sil gmm k=20 cov_type=spherical elapsed seconds 101.73419117927551 <- took 1.0 minute, 41.0 seconds
Dataset=ds4 k=20 cov_type=spherical sil=0.04574496544120955
** -> gmm k=20 cov_type=diag elapsed seconds 2.956390380859375e-05 <- took less than 1 second
** -> sil gmm k=20 cov_type=diag elapsed seconds 91.30416345596313 <- took 1.0 minute, 31.0 seconds
Dataset=ds4 k=20 cov_type=diag sil=0.03514496920946756
** -> gmm k=20 cov_type=tied elapsed seconds 4.076957702636719e-05 <- took less than 1 second
** -> sil gmm k=20 cov_type=tied elapsed seconds 86.34365797042847 <- took 1.0 minute, 26.0 seconds
Dataset=ds4 k=20 cov_type=tied sil=0.13119768058451417
** -> gmm k=20 cov_type=full elapsed seconds 5.1021575927734375e-05 <- took less than 1 second
** -> sil gmm k=20 cov_type=full elapsed seconds 86.94556403160095 <- took 1.0 minute, 26.0 seconds
Dataset=ds4 k=20 cov_type=full sil=0.08901436739932378
** -> gmm k=22 cov_type=spherical elapsed seconds 4.935264587402344e-05 <- took less than 1 second
** -> sil gmm k=22 cov_type=spherical elapsed seconds 109.22276544570923 <- took 1.0 minute, 49.0 seconds
Dataset=ds4 k=22 cov_type=spherical sil=0.05508689413142715
** -> gmm k=22 cov_type=diag elapsed seconds 3.0279159545898438e-05 <- took less than 1 second
** -> sil gmm k=22 cov_type=diag elapsed seconds 84.60264348983765 <- took 1.0 minute, 24.0 seconds
Dataset=ds4 k=22 cov_type=diag sil=0.036704342410162384
** -> gmm k=22 cov_type=tied elapsed seconds 1.8835067749023438e-05 <- took less than 1 second
** -> sil gmm k=22 cov_type=tied elapsed seconds 88.08130598068237 <- took 1.0 minute, 28.0 seconds
Dataset=ds4 k=22 cov_type=tied sil=0.12650488095697363
** -> gmm k=22 cov_type=full elapsed seconds 4.935264587402344e-05 <- took less than 1 second
** -> sil gmm k=22 cov_type=full elapsed seconds 82.5148720741272 <- took 1.0 minute, 22.0 seconds
Dataset=ds4 k=22 cov_type=full sil=0.06041282272362458
** -> gmm k=24 cov_type=spherical elapsed seconds 2.3126602172851562e-05 <- took less than 1 second
** -> sil gmm k=24 cov_type=spherical elapsed seconds 81.32710075378418 <- took 1.0 minute, 21.0 seconds
Dataset=ds4 k=24 cov_type=spherical sil=0.06510187469847938
** -> gmm k=24 cov_type=diag elapsed seconds 1.7881393432617188e-05 <- took less than 1 second
** -> sil gmm k=24 cov_type=diag elapsed seconds 83.54804253578186 <- took 1.0 minute, 23.0 seconds
Dataset=ds4 k=24 cov_type=diag sil=0.055993414134338566
** -> gmm k=24 cov_type=tied elapsed seconds 4.506111145019531e-05 <- took less than 1 second
** -> sil gmm k=24 cov_type=tied elapsed seconds 109.59230923652649 <- took 1.0 minute, 49.0 seconds
Dataset=ds4 k=24 cov_type=tied sil=0.1282821599842501
** -> gmm k=24 cov_type=full elapsed seconds 5.269050598144531e-05 <- took less than 1 second
** -> sil gmm k=24 cov_type=full elapsed seconds 83.9268913269043 <- took 1.0 minute, 23.0 seconds
Dataset=ds4 k=24 cov_type=full sil=0.08150654735567428
** -> gmm k=26 cov_type=spherical elapsed seconds 5.125999450683594e-05 <- took less than 1 second
** -> sil gmm k=26 cov_type=spherical elapsed seconds 83.23544692993164 <- took 1.0 minute, 23.0 seconds
Dataset=ds4 k=26 cov_type=spherical sil=0.06071725582109152
** -> gmm k=26 cov_type=diag elapsed seconds 2.2649765014648438e-05 <- took less than 1 second
** -> sil gmm k=26 cov_type=diag elapsed seconds 83.09833478927612 <- took 1.0 minute, 23.0 seconds
Dataset=ds4 k=26 cov_type=diag sil=0.05922070110819269
** -> gmm k=26 cov_type=tied elapsed seconds 4.4345855712890625e-05 <- took less than 1 second
** -> sil gmm k=26 cov_type=tied elapsed seconds 83.45761108398438 <- took 1.0 minute, 23.0 seconds
Dataset=ds4 k=26 cov_type=tied sil=0.13428282438430908
** -> gmm k=26 cov_type=full elapsed seconds 4.9591064453125e-05 <- took less than 1 second
** -> sil gmm k=26 cov_type=full elapsed seconds 81.3414237499237 <- took 1.0 minute, 21.0 seconds
Dataset=ds4 k=26 cov_type=full sil=0.059320776465895016
** -> gmm k=28 cov_type=spherical elapsed seconds 2.4318695068359375e-05 <- took less than 1 second
** -> sil gmm k=28 cov_type=spherical elapsed seconds 82.06028437614441 <- took 1.0 minute, 22.0 seconds
Dataset=ds4 k=28 cov_type=spherical sil=0.07119326077573233
** -> gmm k=28 cov_type=diag elapsed seconds 4.1484832763671875e-05 <- took less than 1 second
** -> sil gmm k=28 cov_type=diag elapsed seconds 97.49913954734802 <- took 1.0 minute, 37.0 seconds
Dataset=ds4 k=28 cov_type=diag sil=0.024144832667463652
** -> gmm k=28 cov_type=tied elapsed seconds 2.8848648071289062e-05 <- took less than 1 second
** -> sil gmm k=28 cov_type=tied elapsed seconds 81.50243186950684 <- took 1.0 minute, 21.0 seconds
Dataset=ds4 k=28 cov_type=tied sil=0.13691452115156372
** -> gmm k=28 cov_type=full elapsed seconds 3.647804260253906e-05 <- took less than 1 second
** -> sil gmm k=28 cov_type=full elapsed seconds 81.69333124160767 <- took 1.0 minute, 21.0 seconds
Dataset=ds4 k=28 cov_type=full sil=0.08632869216080565
+-----------------------------------------------------------------------------+
| Exit Status    : 0                                                          |
| Finishing time : Sun Nov  4 08:32:15 2018                                   |
| CPU time       : Usr 8419.39s Sys 9142.339s WC  1h:31m:40s                     |
| Rusage Stats   : Mem:30438  PF:  472837925/CSv/f:  0/0     Swaps:0          |
|                :           Msg:    0/0     IOops:  0/0     Sigs :0          |
+-----------------------------------------------------------------------------+
