+-----------------------------------------------------------------------------+
| Logfile        : kmeans-sweepk-ds4-rp-40-sil.log                            |
| Job id         : 5091306550                 Class: SLES11SP4&&8C&&32G Qslot: /icf/fdk/pdx_critical_vp/bench10|
| Executed on    : plxch4067                  Pool : pdx_misc                 |
| Queueing time  : Sun Nov  4 07:00:32 2018                                   |
| Starting time  : Sun Nov  4 07:00:35 2018          Qwait:   0h:00m:03s      |
| Command        : part3.py -a kmeans-sweepk --ncomp 40 -s ds4 --reducer rp   |
+-----------------------------------------------------------------------------+
** -> rp projection calculation for ds4, k=40 elapsed seconds 0.003658771514892578 <- took less than 1 second
Wrote /nfs/pdx/disks/icf_env_disk001/bjbarcla/gwa/issues/ml/class/proj3/datasets/ds4/dimreducer-rp-40.pkl
** -> kmeans ds4 reduced by rp with n_components=40 clust_k=2 elapsed seconds 0.8128960132598877 <- took less than 1 second
** -> silscore ds4 k=2 elapsed seconds 58.45406794548035 <- took 58.0 seconds
Dataset=ds4 k=2 sil=0.08415318130907991
** -> kmeans ds4 reduced by rp with n_components=40 clust_k=4 elapsed seconds 2.0762553215026855 <- took 2.0 seconds
** -> silscore ds4 k=4 elapsed seconds 59.85749650001526 <- took 59.0 seconds
Dataset=ds4 k=4 sil=0.0905411165073723
** -> kmeans ds4 reduced by rp with n_components=40 clust_k=6 elapsed seconds 2.090116262435913 <- took 2.0 seconds
** -> silscore ds4 k=6 elapsed seconds 60.000587463378906 <- took 1.0 minute
Dataset=ds4 k=6 sil=0.09272399930508753
** -> kmeans ds4 reduced by rp with n_components=40 clust_k=8 elapsed seconds 2.6015610694885254 <- took 2.0 seconds
** -> silscore ds4 k=8 elapsed seconds 60.186118364334106 <- took 1.0 minute
Dataset=ds4 k=8 sil=0.0894109267160284
** -> kmeans ds4 reduced by rp with n_components=40 clust_k=10 elapsed seconds 3.2447457313537598 <- took 3.0 seconds
** -> silscore ds4 k=10 elapsed seconds 59.46093392372131 <- took 59.0 seconds
Dataset=ds4 k=10 sil=0.09094431705880636
** -> kmeans ds4 reduced by rp with n_components=40 clust_k=12 elapsed seconds 3.505413770675659 <- took 3.0 seconds
** -> silscore ds4 k=12 elapsed seconds 59.68415927886963 <- took 59.0 seconds
Dataset=ds4 k=12 sil=0.1087533575945521
** -> kmeans ds4 reduced by rp with n_components=40 clust_k=14 elapsed seconds 3.505927324295044 <- took 3.0 seconds
** -> silscore ds4 k=14 elapsed seconds 59.21528077125549 <- took 59.0 seconds
Dataset=ds4 k=14 sil=0.11153744615641786
** -> kmeans ds4 reduced by rp with n_components=40 clust_k=16 elapsed seconds 4.875712871551514 <- took 4.0 seconds
** -> silscore ds4 k=16 elapsed seconds 59.137906074523926 <- took 59.0 seconds
Dataset=ds4 k=16 sil=0.11051240604928228
** -> kmeans ds4 reduced by rp with n_components=40 clust_k=18 elapsed seconds 4.899836301803589 <- took 4.0 seconds
** -> silscore ds4 k=18 elapsed seconds 59.06550455093384 <- took 59.0 seconds
Dataset=ds4 k=18 sil=0.10216651134867384
** -> kmeans ds4 reduced by rp with n_components=40 clust_k=20 elapsed seconds 5.175346851348877 <- took 5.0 seconds
** -> silscore ds4 k=20 elapsed seconds 58.87571096420288 <- took 58.0 seconds
Dataset=ds4 k=20 sil=0.11708108259690927
** -> kmeans ds4 reduced by rp with n_components=40 clust_k=22 elapsed seconds 4.992443084716797 <- took 4.0 seconds
** -> silscore ds4 k=22 elapsed seconds 58.316747426986694 <- took 58.0 seconds
Dataset=ds4 k=22 sil=0.12262293900506233
** -> kmeans ds4 reduced by rp with n_components=40 clust_k=24 elapsed seconds 5.721524953842163 <- took 5.0 seconds
** -> silscore ds4 k=24 elapsed seconds 57.92535758018494 <- took 57.0 seconds
Dataset=ds4 k=24 sil=0.12726650026073488
** -> kmeans ds4 reduced by rp with n_components=40 clust_k=26 elapsed seconds 5.453216791152954 <- took 5.0 seconds
** -> silscore ds4 k=26 elapsed seconds 57.25880312919617 <- took 57.0 seconds
Dataset=ds4 k=26 sil=0.13744560630333466
** -> kmeans ds4 reduced by rp with n_components=40 clust_k=28 elapsed seconds 6.20628809928894 <- took 6.0 seconds
** -> silscore ds4 k=28 elapsed seconds 57.259398460388184 <- took 57.0 seconds
Dataset=ds4 k=28 sil=0.13476164486015993
/nfs/pdx/disks/icf_env_disk001/bjbarcla/gwa/issues/ml/mlai/lib/python3.6/site-packages/sklearn/ensemble/weight_boosting.py:29: DeprecationWarning: numpy.core.umath_tests is an internal NumPy module and should not be imported. It will be removed in a future NumPy release.
  from numpy.core.umath_tests import inner1d
+-----------------------------------------------------------------------------+
| Exit Status    : 0                                                          |
| Finishing time : Sun Nov  4 07:15:19 2018                                   |
| CPU time       : Usr 801.87s Sys 342.637s WC  0h:14m:44s                     |
| Rusage Stats   : Mem:20767  PF:  118318733/CSv/f:  0/0     Swaps:0          |
|                :           Msg:    0/0     IOops:  0/0     Sigs :0          |
+-----------------------------------------------------------------------------+
