+-----------------------------------------------------------------------------+
| Logfile        : kmeans-sweepk-ds1-rp-10-CH.log                             |
| Job id         : 5091306465                 Class: SLES11SP4&&8C&&32G Qslot: /icf/fdk/pdx_critical_vp/bench7|
| Executed on    : plxcu7019                  Pool : pdx_misc                 |
| Queueing time  : Sun Nov  4 07:00:26 2018                                   |
| Starting time  : Sun Nov  4 07:00:29 2018          Qwait:   0h:00m:03s      |
| Command        : part3.py -a kmeans-sweepk-CH --ncomp 10 -s ds1 --reducer rp |
+-----------------------------------------------------------------------------+
/nfs/pdx/disks/icf_env_disk001/bjbarcla/gwa/issues/ml/mlai/lib/python3.6/site-packages/sklearn/ensemble/weight_boosting.py:29: DeprecationWarning: numpy.core.umath_tests is an internal NumPy module and should not be imported. It will be removed in a future NumPy release.
  from numpy.core.umath_tests import inner1d
Read /nfs/pdx/disks/icf_env_disk001/bjbarcla/gwa/issues/ml/class/proj3/datasets/ds1/dimreducer-rp-10.pkl
** -> kmeans ds1 k=2 elapsed seconds 0.430647611618042 <- took less than 1 second
** -> CH ds1 k=2 elapsed seconds 0.0095977783203125 <- took less than 1 second
Dataset=ds1 k=2 CH=24745.922661225803
** -> kmeans ds1 k=6 elapsed seconds 0.9248120784759521 <- took less than 1 second
** -> CH ds1 k=6 elapsed seconds 0.01038503646850586 <- took less than 1 second
Dataset=ds1 k=6 CH=19257.461963924132
** -> kmeans ds1 k=10 elapsed seconds 1.818079948425293 <- took 1.0 second
** -> CH ds1 k=10 elapsed seconds 0.011315345764160156 <- took less than 1 second
Dataset=ds1 k=10 CH=21109.813698372567
** -> kmeans ds1 k=14 elapsed seconds 2.5288031101226807 <- took 2.0 seconds
** -> CH ds1 k=14 elapsed seconds 0.012746095657348633 <- took less than 1 second
Dataset=ds1 k=14 CH=22201.785177433998
** -> kmeans ds1 k=18 elapsed seconds 4.376887798309326 <- took 4.0 seconds
** -> CH ds1 k=18 elapsed seconds 0.0159609317779541 <- took less than 1 second
Dataset=ds1 k=18 CH=24714.36951196261
** -> kmeans ds1 k=22 elapsed seconds 6.337744951248169 <- took 6.0 seconds
** -> CH ds1 k=22 elapsed seconds 0.017737627029418945 <- took less than 1 second
Dataset=ds1 k=22 CH=26679.215362349434
** -> kmeans ds1 k=26 elapsed seconds 5.398388862609863 <- took 5.0 seconds
** -> CH ds1 k=26 elapsed seconds 0.016960620880126953 <- took less than 1 second
Dataset=ds1 k=26 CH=27969.237400696093
** -> kmeans ds1 k=30 elapsed seconds 6.103247880935669 <- took 6.0 seconds
** -> CH ds1 k=30 elapsed seconds 0.019448280334472656 <- took less than 1 second
Dataset=ds1 k=30 CH=29020.101292031664
** -> kmeans ds1 k=34 elapsed seconds 6.41705322265625 <- took 6.0 seconds
** -> CH ds1 k=34 elapsed seconds 0.020596027374267578 <- took less than 1 second
Dataset=ds1 k=34 CH=29617.481659445497
** -> kmeans ds1 k=38 elapsed seconds 7.6341307163238525 <- took 7.0 seconds
** -> CH ds1 k=38 elapsed seconds 0.01899123191833496 <- took less than 1 second
Dataset=ds1 k=38 CH=30798.186427796547
** -> kmeans ds1 k=42 elapsed seconds 7.645070314407349 <- took 7.0 seconds
** -> CH ds1 k=42 elapsed seconds 0.023244857788085938 <- took less than 1 second
Dataset=ds1 k=42 CH=30832.504908484625
** -> kmeans ds1 k=46 elapsed seconds 8.710532426834106 <- took 8.0 seconds
** -> CH ds1 k=46 elapsed seconds 0.023601055145263672 <- took less than 1 second
Dataset=ds1 k=46 CH=30562.18544496314
** -> kmeans ds1 k=50 elapsed seconds 9.676517486572266 <- took 9.0 seconds
** -> CH ds1 k=50 elapsed seconds 0.02485799789428711 <- took less than 1 second
Dataset=ds1 k=50 CH=30793.651664111923
** -> kmeans ds1 k=54 elapsed seconds 9.497150421142578 <- took 9.0 seconds
** -> CH ds1 k=54 elapsed seconds 0.02414560317993164 <- took less than 1 second
Dataset=ds1 k=54 CH=31268.022294694147
** -> kmeans ds1 k=58 elapsed seconds 9.889997243881226 <- took 9.0 seconds
** -> CH ds1 k=58 elapsed seconds 0.026105165481567383 <- took less than 1 second
Dataset=ds1 k=58 CH=30879.962943124217
** -> kmeans ds1 k=62 elapsed seconds 11.236908912658691 <- took 11.0 seconds
** -> CH ds1 k=62 elapsed seconds 0.030390024185180664 <- took less than 1 second
Dataset=ds1 k=62 CH=31875.698076352688
** -> kmeans ds1 k=66 elapsed seconds 21.086246728897095 <- took 21.0 seconds
** -> CH ds1 k=66 elapsed seconds 0.027518272399902344 <- took less than 1 second
Dataset=ds1 k=66 CH=31676.01987089456
** -> kmeans ds1 k=70 elapsed seconds 22.837321519851685 <- took 22.0 seconds
** -> CH ds1 k=70 elapsed seconds 0.028356075286865234 <- took less than 1 second
Dataset=ds1 k=70 CH=32563.9829892454
** -> kmeans ds1 k=74 elapsed seconds 28.256860971450806 <- took 28.0 seconds
** -> CH ds1 k=74 elapsed seconds 0.028324365615844727 <- took less than 1 second
Dataset=ds1 k=74 CH=32471.39720421958
** -> kmeans ds1 k=78 elapsed seconds 26.607507944107056 <- took 26.0 seconds
** -> CH ds1 k=78 elapsed seconds 0.029623031616210938 <- took less than 1 second
Dataset=ds1 k=78 CH=33241.427617181405
** -> kmeans ds1 k=82 elapsed seconds 26.527373552322388 <- took 26.0 seconds
** -> CH ds1 k=82 elapsed seconds 0.03088068962097168 <- took less than 1 second
Dataset=ds1 k=82 CH=32864.83875772286
+-----------------------------------------------------------------------------+
| Exit Status    : 0                                                          |
| Finishing time : Sun Nov  4 07:04:18 2018                                   |
| CPU time       : Usr 635.567s Sys 3746.398s WC  0h:03m:49s                     |
| Rusage Stats   : Mem:225    PF:  28190082/0CSv/f:  0/0     Swaps:0          |
|                :           Msg:    0/0     IOops:  0/0     Sigs :0          |
+-----------------------------------------------------------------------------+
