+-----------------------------------------------------------------------------+
| Logfile        : kmeans-sweepk-ds4-rp-57-CH.log                             |
| Job id         : 5091306586                 Class: SLES11SP4&&8C&&32G Qslot: /icf/fdk/pdx_critical_vp/bench11|
| Executed on    : plxcfb016                  Pool : pdx_misc                 |
| Queueing time  : Sun Nov  4 07:00:36 2018                                   |
| Starting time  : Sun Nov  4 07:00:38 2018          Qwait:   0h:00m:02s      |
| Command        : part3.py -a kmeans-sweepk-CH --ncomp 57 -s ds4 --reducer rp |
+-----------------------------------------------------------------------------+
** -> rp projection calculation for ds4, k=57 elapsed seconds 0.0038383007049560547 <- took less than 1 second
Wrote /nfs/pdx/disks/icf_env_disk001/bjbarcla/gwa/issues/ml/class/proj3/datasets/ds4/dimreducer-rp-57.pkl
** -> kmeans ds4 k=2 elapsed seconds 1.498457670211792 <- took 1.0 second
** -> CH ds4 k=2 elapsed seconds 0.021076679229736328 <- took less than 1 second
Dataset=ds4 k=2 CH=2735.238961884733
** -> kmeans ds4 k=4 elapsed seconds 2.1460769176483154 <- took 2.0 seconds
** -> CH ds4 k=4 elapsed seconds 0.024527549743652344 <- took less than 1 second
Dataset=ds4 k=4 CH=2095.3968681063207
** -> kmeans ds4 k=6 elapsed seconds 2.5007450580596924 <- took 2.0 seconds
** -> CH ds4 k=6 elapsed seconds 0.021199464797973633 <- took less than 1 second
Dataset=ds4 k=6 CH=1899.1286050139386
** -> kmeans ds4 k=8 elapsed seconds 3.721125364303589 <- took 3.0 seconds
** -> CH ds4 k=8 elapsed seconds 0.02475714683532715 <- took less than 1 second
Dataset=ds4 k=8 CH=1750.5470169415164
** -> kmeans ds4 k=10 elapsed seconds 4.68439793586731 <- took 4.0 seconds
** -> CH ds4 k=10 elapsed seconds 0.02112603187561035 <- took less than 1 second
Dataset=ds4 k=10 CH=1716.6999645572578
** -> kmeans ds4 k=12 elapsed seconds 4.37624716758728 <- took 4.0 seconds
** -> CH ds4 k=12 elapsed seconds 0.021503686904907227 <- took less than 1 second
Dataset=ds4 k=12 CH=1650.5349085047435
** -> kmeans ds4 k=14 elapsed seconds 4.36295485496521 <- took 4.0 seconds
** -> CH ds4 k=14 elapsed seconds 0.02164316177368164 <- took less than 1 second
Dataset=ds4 k=14 CH=1592.457684325383
** -> kmeans ds4 k=16 elapsed seconds 6.039963483810425 <- took 6.0 seconds
** -> CH ds4 k=16 elapsed seconds 0.020902633666992188 <- took less than 1 second
Dataset=ds4 k=16 CH=1581.4150733575595
** -> kmeans ds4 k=18 elapsed seconds 5.730796575546265 <- took 5.0 seconds
** -> CH ds4 k=18 elapsed seconds 0.02222418785095215 <- took less than 1 second
Dataset=ds4 k=18 CH=1572.5018140182294
** -> kmeans ds4 k=20 elapsed seconds 7.018547773361206 <- took 7.0 seconds
** -> CH ds4 k=20 elapsed seconds 0.02145552635192871 <- took less than 1 second
Dataset=ds4 k=20 CH=1618.5025627750401
** -> kmeans ds4 k=22 elapsed seconds 7.748745441436768 <- took 7.0 seconds
** -> CH ds4 k=22 elapsed seconds 0.021179914474487305 <- took less than 1 second
Dataset=ds4 k=22 CH=1549.2530781246487
** -> kmeans ds4 k=24 elapsed seconds 7.066014051437378 <- took 7.0 seconds
** -> CH ds4 k=24 elapsed seconds 0.023113012313842773 <- took less than 1 second
Dataset=ds4 k=24 CH=1620.2891399098226
** -> kmeans ds4 k=26 elapsed seconds 8.307472705841064 <- took 8.0 seconds
** -> CH ds4 k=26 elapsed seconds 0.023083925247192383 <- took less than 1 second
Dataset=ds4 k=26 CH=1597.402607674041
** -> kmeans ds4 k=28 elapsed seconds 8.489457845687866 <- took 8.0 seconds
** -> CH ds4 k=28 elapsed seconds 0.02277374267578125 <- took less than 1 second
Dataset=ds4 k=28 CH=1569.3199114373851
/nfs/pdx/disks/icf_env_disk001/bjbarcla/gwa/issues/ml/mlai/lib/python3.6/site-packages/sklearn/ensemble/weight_boosting.py:29: DeprecationWarning: numpy.core.umath_tests is an internal NumPy module and should not be imported. It will be removed in a future NumPy release.
  from numpy.core.umath_tests import inner1d
+-----------------------------------------------------------------------------+
| Exit Status    : 0                                                          |
| Finishing time : Sun Nov  4 07:01:58 2018                                   |
| CPU time       : Usr 124.399s Sys 372.087s WC  0h:01m:20s                     |
| Rusage Stats   : Mem:214    PF:  114317/0  CSv/f:  0/0     Swaps:0          |
|                :           Msg:    0/0     IOops:  0/0     Sigs :0          |
+-----------------------------------------------------------------------------+
