+-----------------------------------------------------------------------------+
| Logfile        : kmeans-sweepk-ds4-rp-30-CH.log                             |
| Job id         : 5091306517                 Class: SLES11SP4&&8C&&32G Qslot: /icf/fdk/pdx_critical_vp/bench8|
| Executed on    : plxc0186                   Pool : pdx_misc                 |
| Queueing time  : Sun Nov  4 07:00:30 2018                                   |
| Starting time  : Sun Nov  4 07:00:35 2018          Qwait:   0h:00m:05s      |
| Command        : part3.py -a kmeans-sweepk-CH --ncomp 30 -s ds4 --reducer rp |
+-----------------------------------------------------------------------------+
** -> rp projection calculation for ds4, k=30 elapsed seconds 0.008718729019165039 <- took less than 1 second
Wrote /nfs/pdx/disks/icf_env_disk001/bjbarcla/gwa/issues/ml/class/proj3/datasets/ds4/dimreducer-rp-30.pkl
** -> kmeans ds4 k=2 elapsed seconds 1.2285892963409424 <- took 1.0 second
** -> CH ds4 k=2 elapsed seconds 0.011434555053710938 <- took less than 1 second
Dataset=ds4 k=2 CH=3182.3510728086335
** -> kmeans ds4 k=4 elapsed seconds 1.8614156246185303 <- took 1.0 second
** -> CH ds4 k=4 elapsed seconds 0.011197090148925781 <- took less than 1 second
Dataset=ds4 k=4 CH=2602.739643060759
** -> kmeans ds4 k=6 elapsed seconds 2.6862547397613525 <- took 2.0 seconds
** -> CH ds4 k=6 elapsed seconds 0.011644363403320312 <- took less than 1 second
Dataset=ds4 k=6 CH=2307.922919274321
** -> kmeans ds4 k=8 elapsed seconds 6.70148229598999 <- took 6.0 seconds
** -> CH ds4 k=8 elapsed seconds 0.012178182601928711 <- took less than 1 second
Dataset=ds4 k=8 CH=2135.772308346178
** -> kmeans ds4 k=10 elapsed seconds 4.842539072036743 <- took 4.0 seconds
** -> CH ds4 k=10 elapsed seconds 0.013149738311767578 <- took less than 1 second
Dataset=ds4 k=10 CH=2079.3360940248717
** -> kmeans ds4 k=12 elapsed seconds 11.343060970306396 <- took 11.0 seconds
** -> CH ds4 k=12 elapsed seconds 0.016342639923095703 <- took less than 1 second
Dataset=ds4 k=12 CH=2033.1337487584785
** -> kmeans ds4 k=14 elapsed seconds 6.521434307098389 <- took 6.0 seconds
** -> CH ds4 k=14 elapsed seconds 0.01720738410949707 <- took less than 1 second
Dataset=ds4 k=14 CH=1975.160115928341
** -> kmeans ds4 k=16 elapsed seconds 7.565674543380737 <- took 7.0 seconds
** -> CH ds4 k=16 elapsed seconds 0.01858353614807129 <- took less than 1 second
Dataset=ds4 k=16 CH=1894.5762247769696
** -> kmeans ds4 k=18 elapsed seconds 8.078032493591309 <- took 8.0 seconds
** -> CH ds4 k=18 elapsed seconds 0.019191503524780273 <- took less than 1 second
Dataset=ds4 k=18 CH=1842.440311286727
** -> kmeans ds4 k=20 elapsed seconds 6.42535138130188 <- took 6.0 seconds
** -> CH ds4 k=20 elapsed seconds 0.01580977439880371 <- took less than 1 second
Dataset=ds4 k=20 CH=1785.501466670817
** -> kmeans ds4 k=22 elapsed seconds 8.344008207321167 <- took 8.0 seconds
** -> CH ds4 k=22 elapsed seconds 0.015553474426269531 <- took less than 1 second
Dataset=ds4 k=22 CH=1837.5375763144289
** -> kmeans ds4 k=24 elapsed seconds 8.212565183639526 <- took 8.0 seconds
** -> CH ds4 k=24 elapsed seconds 0.018823862075805664 <- took less than 1 second
Dataset=ds4 k=24 CH=1785.8365743028392
** -> kmeans ds4 k=26 elapsed seconds 8.431694746017456 <- took 8.0 seconds
** -> CH ds4 k=26 elapsed seconds 0.019916772842407227 <- took less than 1 second
Dataset=ds4 k=26 CH=1810.3593183659348
** -> kmeans ds4 k=28 elapsed seconds 8.779230117797852 <- took 8.0 seconds
** -> CH ds4 k=28 elapsed seconds 0.02035689353942871 <- took less than 1 second
Dataset=ds4 k=28 CH=1722.193247540962
/nfs/pdx/disks/icf_env_disk001/bjbarcla/gwa/issues/ml/mlai/lib/python3.6/site-packages/sklearn/ensemble/weight_boosting.py:29: DeprecationWarning: numpy.core.umath_tests is an internal NumPy module and should not be imported. It will be removed in a future NumPy release.
  from numpy.core.umath_tests import inner1d
+-----------------------------------------------------------------------------+
| Exit Status    : 0                                                          |
| Finishing time : Sun Nov  4 07:02:16 2018                                   |
| CPU time       : Usr 186.711s Sys 658.493s WC  0h:01m:41s                     |
| Rusage Stats   : Mem:189    PF:  102399/0  CSv/f:  0/0     Swaps:0          |
|                :           Msg:    0/0     IOops:  0/0     Sigs :0          |
+-----------------------------------------------------------------------------+
